YR element hits in Ebre
=====================================================================================================================================================================================
Fragment(species:contig:YR_start_on_contig)    Structure_Indication    start_on_contig    end_on_contig    Contig_length    Fragment_length     YR_evalue     RT_evalue     MT_evalue
-------------------------------------------------------------------------------------------------------------------------------------------------------------------------------------
                     Ebre:contig_474676:203                 YR_only                  1             1102             1102               1102    5.5952e-55             -             -
                     Ebre:contig_82849:2312             two_domains                  1             3441             3441               3441    1.1308e-54             -    3.1200e-34
                      Ebre:contig_43445:469             two_domains                  1             1320             1320               1320    7.2065e-53             -    7.0554e-24
                     Ebre:contig_201445:402                    DIRS                  1             4161             4161               4161    8.7430e-53    2.5261e-48    2.9178e-36
                      Ebre:contig_36276:196                    DIRS                  1             2652             2652               2652    3.4397e-51    1.0503e-47    4.1000e-28
                      Ebre:contig_9433:1808                    DIRS                  1             6603             6603               6603    4.0026e-51    8.9594e-48    2.3374e-28
                    Ebre:contig_194102:1130             two_domains                  1             2263             2263               2263    3.5815e-49             -    8.2134e-33
                     Ebre:contig_133736:246                    DIRS                  1             4465             4465               4465    2.9551e-46    2.4980e-47    2.0162e-33
                      Ebre:contig_41841:284             two_domains                  1             2087             2087               2087    4.2532e-44             -    3.9170e-38
                     Ebre:contig_178795:240                 YR_only                  1              930              930                930    3.0658e-41             -             -
                       Ebre:contig_8775:223                 YR_only                  1             1122             1122               1122    5.6233e-41             -             -
                     Ebre:contig_169991:133                 YR_only                  1             1178             1178               1178    1.8537e-40             -             -
                      Ebre:contig_117632:87                 YR_only                  1             1066             1066               1066    5.1043e-40             -             -
                    Ebre:contig_206690:1047                 YR_only                  1             1939             1939               1939    1.3863e-39             -             -
                      Ebre:contig_88308:185                 YR_only                  1             1180             1180               1180    6.0760e-38             -             -
                      Ebre:contig_86424:257                 YR_only                  1              959              959                959    2.2767e-37             -             -
                      Ebre:contig_86424:132                 YR_only                  1              959              959                959    4.0523e-03             -             -
                       Ebre:contig_286423:5                 YR_only                  1             1017             1017               1017    5.3076e-37             -             -
                     Ebre:contig_125871:207                 YR_only                  1             1231             1231               1231    2.8753e-36             -             -
                       Ebre:contig_40103:28                 YR_only                  1             1044             1044               1044    3.2187e-36             -             -
                      Ebre:contig_23207:265                 YR_only                  1             1329             1329               1329    5.4696e-36             -             -
                     Ebre:contig_275891:210                 YR_only                  1             1057             1057               1057    9.1113e-36             -             -
                      Ebre:contig_354334:53                 YR_only                  1             1083             1083               1083    2.7249e-35             -             -
                      Ebre:contig_7153:5187                 YR_only                  1             6570             6570               6570    4.4816e-35             -             -
                       Ebre:contig_74654:39                 YR_only                  1              930              930                930    6.5210e-35             -             -
                     Ebre:contig_304311:412                 YR_only                  1              834              834                834    8.7809e-35             -             -
                      Ebre:contig_304311:59                 YR_only                  1              834              834                834    8.7809e-35             -             -
                       Ebre:contig_31449:82             two_domains                  1             2079             2079               2079    9.3354e-35             -    4.6717e-30
                      Ebre:contig_16785:173        domains_inverted                  1             4014             4014               4014    1.5383e-34    3.0124e-41    5.5014e-19
                     Ebre:contig_234527:202                 YR_only                  1             1121             1121               1121    1.6396e-34             -             -
                      Ebre:contig_43469:272                 YR_only                  1             1418             1418               1418    2.0716e-34             -             -
                      Ebre:contig_106302:64                    DIRS                  1             3264             3264               3264    5.8656e-34    3.3056e-15    2.3988e-32
                      Ebre:contig_76329:142                 YR_only                  1             1024             1024               1024    6.4858e-34             -             -
                       Ebre:contig_93276:41                 YR_only                  1             1040             1040               1040    2.6260e-33             -             -
                      Ebre:contig_74338:267                 YR_only                  1             1174             1174               1174    5.5486e-33             -             -
                      Ebre:contig_188625:47                 YR_only                  1             1012             1012               1012    6.6112e-33             -             -
                      Ebre:contig_31691:335                 YR_only                  1             1362             1362               1362    7.0133e-33             -             -
                        Ebre:contig_193:413                 YR_only                  1             1359             1359               1359    9.5379e-33             -             -
                     Ebre:contig_103893:178                 YR_only                  1             1074             1074               1074    1.5663e-32             -             -
                     Ebre:contig_145266:182             two_domains                  1             1616             1616               1616    2.0344e-32             -    5.1493e-09
                     Ebre:contig_183878:243                 YR_only                  1             1297             1297               1297    2.1539e-32             -             -
                       Ebre:contig_60939:63                 YR_only                  1              821              821                821    2.7776e-32             -             -
                      Ebre:contig_33680:184             two_domains                  1             3966             3966               3966    5.8938e-32    1.1996e-37             -
                      Ebre:contig_359575:75                 YR_only                  1             1102             1102               1102    1.2634e-31             -             -
                     Ebre:contig_111236:134                 YR_only                  1             1189             1189               1189    2.3119e-31             -             -
                       Ebre:contig_573363:2                 YR_only                  1              529              529                529    2.4146e-31             -             -
                       Ebre:contig_3354:290                 YR_only                  1             1025             1025               1025    8.9944e-31             -             -
                         Ebre:contig_3354:3                 YR_only                  1             1025             1025               1025    8.9944e-31             -             -
                      Ebre:contig_29363:217                 YR_only                  1             1107             1107               1107    1.8660e-30             -             -
                      Ebre:contig_26692:759                 YR_only                  1             1509             1509               1509    5.8930e-30             -             -
                      Ebre:contig_74617:735                 YR_only                  1             2030             2030               2030    8.5577e-30             -             -
                       Ebre:contig_355189:3             two_domains                  1             1274             1274               1274    9.4585e-30             -    5.7113e-39
                     Ebre:contig_355189:502             two_domains                  1             1274             1274               1274    9.4585e-30             -    5.7113e-39
                      Ebre:contig_32461:268                 YR_only                  1             1052             1052               1052    1.1345e-29             -             -
                     Ebre:contig_234528:211                 YR_only                  1             1145             1145               1145    2.9515e-29             -             -
                       Ebre:contig_332004:3                 YR_only                  1             1006             1006               1006    3.7371e-29             -             -
                     Ebre:contig_52427:1065             two_domains                  1             1966             1966               1966    3.7755e-29             -    1.1088e-33
                      Ebre:contig_43068:528                 YR_only                  1             1418             1418               1418    4.6202e-29             -             -
                     Ebre:contig_459878:218                 YR_only                  1              941              941                941    1.6216e-28             -             -
                      Ebre:contig_54376:254                 YR_only                  1             1257             1257               1257    2.2459e-28             -             -
                      Ebre:contig_54376:703                 YR_only                  1             1257             1257               1257    2.2459e-28             -             -
                     Ebre:contig_136889:359                 YR_only                  1             1408             1408               1408    8.6983e-28             -             -
                     Ebre:contig_381418:107                 YR_only                  1              917              917                917    1.5075e-27             -             -
                      Ebre:contig_107093:94                 YR_only                  1             1186             1186               1186    1.7139e-27             -             -
                     Ebre:contig_40490:3577                    DIRS                  1             4601             4601               4601    2.9819e-27    2.5006e-37    4.3376e-32
                      Ebre:contig_40104:240                 YR_only                  1             1202             1202               1202    4.8275e-27             -             -
                        Ebre:contig_98342:8                 YR_only                  1              754              754                754    4.8763e-27             -             -
                     Ebre:contig_160719:952                 YR_only                  1             1702             1702               1702    5.0774e-27             -             -
                      Ebre:contig_66209:501                 YR_only                  1             2173             2173               2173    1.4731e-26             -             -
                      Ebre:contig_45009:343                 YR_only                  1             1405             1405               1405    3.1644e-26             -             -
                     Ebre:contig_185818:268                 YR_only                  1             1418             1418               1418    3.2419e-26             -             -
                     Ebre:contig_185818:849                 YR_only                  1             1418             1418               1418    8.2159e-05             -             -
                     Ebre:contig_277568:133                 YR_only                  1             1102             1102               1102    4.9796e-26             -             -
                      Ebre:contig_86423:304                 YR_only                  1              737              737                737    5.9557e-26             -             -
                        Ebre:contig_86423:2                 YR_only                  1              737              737                737    5.9557e-26             -             -
                      Ebre:contig_67848:134                 YR_only                  1             1261             1261               1261    7.4269e-26             -             -
                      Ebre:contig_67848:640                 YR_only                  1             1261             1261               1261    7.4269e-26             -             -
                     Ebre:contig_43447:2097                    DIRS                  1             4179             4179               4179    3.9227e-25    4.7018e-43    8.7567e-37
                     Ebre:contig_103151:334                 YR_only                  1             1110             1110               1110    3.9080e-24             -             -
                     Ebre:contig_103151:987                 YR_only                  1             1110             1110               1110    3.9080e-24             -             -
                     Ebre:contig_321877:100                 YR_only                  1              873              873                873    4.7382e-24             -             -
                      Ebre:contig_20800:283                 YR_only                  1             1196             1196               1196    8.2501e-24             -             -
                      Ebre:contig_29076:571             two_domains                  1             1597             1597               1597    3.1845e-23             -    2.7953e-11
                     Ebre:contig_29076:1169             two_domains                  1             1597             1597               1597    3.1336e-03             -    2.7953e-11
                      Ebre:contig_103152:76                 YR_only                  1             1100             1100               1100    6.1024e-23             -             -
                     Ebre:contig_397641:326                 YR_only                  1             1240             1240               1240    6.3648e-23             -             -
                     Ebre:contig_290912:259             two_domains                  1             1678             1678               1678    7.2307e-23             -    1.6126e-36
                     Ebre:contig_116478:307                 YR_only                  1             1141             1141               1141    1.2744e-22             -             -
                      Ebre:contig_49299:182                 YR_only                  1              648              648                648    1.6243e-22             -             -
                     Ebre:contig_139431:118                 YR_only                  1              815              815                815    9.2769e-22             -             -
                     Ebre:contig_70499:1024             two_domains                  1             1881             1881               1881    9.9766e-22             -    3.9875e-31
                      Ebre:contig_81488:185                 YR_only                  1             1202             1202               1202    1.3919e-21             -             -
                      Ebre:contig_92659:171                 YR_only                  1             1241             1241               1241    7.3894e-21             -             -
                     Ebre:contig_433691:453                 YR_only                  1             1209             1209               1209    1.2949e-20             -             -
                      Ebre:contig_50915:612                 YR_only                  1             1709             1709               1709    1.5647e-20             -             -
                      Ebre:contig_567026:75                 YR_only                  1              428              428                428    2.9443e-20             -             -
                      Ebre:contig_267497:71                 YR_only                  1              691              691                691    5.5875e-20             -             -
                     Ebre:contig_142814:500                 YR_only                  1             1084             1084               1084    6.1826e-20             -             -
                     Ebre:contig_503258:630                 YR_only                  1             1030             1030               1030    8.7501e-20             -             -
                     Ebre:contig_503258:421                 YR_only                  1             1030             1030               1030    8.7501e-20             -             -
                     Ebre:contig_37159:1481                 YR_only                  1             2249             2249               2249    9.2515e-20             -             -
                        Ebre:contig_52170:8                 YR_only                  1              501              501                501    2.3085e-19             -             -
                      Ebre:contig_133293:10                 YR_only                  1              875              875                875    1.2432e-18             -             -
                     Ebre:contig_133293:483                 YR_only                  1              875              875                875    1.2432e-18             -             -
                        Ebre:contig_68980:2                 YR_only                  1             1180             1180               1180    1.3165e-18             -             -
                      Ebre:contig_616294:73                 YR_only                  1              488              488                488    1.5042e-18             -             -
                      Ebre:contig_16263:211                 YR_only                  1             1420             1420               1420    1.5200e-18             -             -
                      Ebre:contig_16263:749                 YR_only                  1             1420             1420               1420    1.5200e-18             -             -
                      Ebre:contig_18597:265                 YR_only                  1              866              866                866    2.8544e-18             -             -
                     Ebre:contig_177912:172                 YR_only                  1              931              931                931    3.3556e-18             -             -
                     Ebre:contig_196080:100                 YR_only                  1              891              891                891    4.1877e-18             -             -
                      Ebre:contig_133292:19                 YR_only                  1              624              624                624    5.3852e-18             -             -
                      Ebre:contig_60456:555                 YR_only                  1             1203             1203               1203    9.6612e-18             -             -
                      Ebre:contig_60456:139                 YR_only                  1             1203             1203               1203    9.6612e-18             -             -
                      Ebre:contig_283234:32                 YR_only                  1              888              888                888    1.4372e-17             -             -
                     Ebre:contig_184262:290                 YR_only                  1              919              919                919    1.5741e-17             -             -
                      Ebre:contig_88088:397                 YR_only                  1             1008             1008               1008    1.9694e-17             -             -
                       Ebre:contig_70500:29                 YR_only                  1              898              898                898    2.7580e-17             -             -
                     Ebre:contig_277653:149                 YR_only                  1              428              428                428    3.1210e-17             -             -
                      Ebre:contig_10126:407                 YR_only                  1             1100             1100               1100    3.3469e-17             -             -
                      Ebre:contig_608269:19                 YR_only                  1              352              352                352    5.1523e-17             -             -
                      Ebre:contig_88320:356                 YR_only                  1             1110             1110               1110    6.3904e-17             -             -
                     Ebre:contig_359294:580                 YR_only                  1             1237             1237               1237    8.5107e-17             -             -
                     Ebre:contig_400229:303                 YR_only                  1              617              617                617    1.2564e-16             -             -
                     Ebre:contig_176309:497                 YR_only                  1             1202             1202               1202    1.4670e-16             -             -
                        Ebre:contig_46652:5                 YR_only                  1              745              745                745    3.2516e-16             -             -
                      Ebre:contig_69534:540                 YR_only                  1             1216             1216               1216    3.7986e-16             -             -
                      Ebre:contig_69534:190                 YR_only                  1             1216             1216               1216    3.7986e-16             -             -
                       Ebre:contig_271374:9                 YR_only                  1              632              632                632    4.7223e-16             -             -
                       Ebre:contig_58642:80             two_domains                  1             1859             1859               1859    4.8327e-16             -    1.3465e-24
                      Ebre:contig_74287:416                 YR_only                  1             1714             1714               1714    4.8360e-16             -             -
                      Ebre:contig_74287:159                 YR_only                  1             1714             1714               1714    4.8360e-16             -             -
                       Ebre:contig_75826:48                    DIRS                  1             1810             1810               1810    6.0734e-16    5.5572e-05    2.2630e-36
                       Ebre:contig_214787:4                 YR_only                  1              514              514                514    6.8061e-16             -             -
                     Ebre:contig_233512:194                 YR_only                  1              663              663                663    6.9557e-16             -             -
                       Ebre:contig_326995:1                 YR_only                  1              665              665                665    8.8358e-16             -             -
                     Ebre:contig_326995:492                 YR_only                  1              665              665                665    8.8358e-16             -             -
                       Ebre:contig_3517:197                 YR_only                  1             1335             1335               1335    9.3217e-16             -             -
                      Ebre:contig_22687:679                 YR_only                  1             4450             4450               4450    1.1399e-15             -             -
                       Ebre:contig_173489:2                 YR_only                  1              685              685                685    1.4145e-15             -             -
                     Ebre:contig_231127:114                 YR_only                  1              919              919                919    2.4459e-15             -             -
                       Ebre:contig_325310:8                 YR_only                  1              555              555                555    3.7386e-15             -             -
                      Ebre:contig_30646:460                 YR_only                  1             1584             1584               1584    3.7724e-15             -             -
                      Ebre:contig_557683:54                 YR_only                  1              916              916                916    4.6478e-15             -             -
                      Ebre:contig_185962:15                 YR_only                  1              530              530                530    4.8671e-15             -             -
                     Ebre:contig_110954:906                 YR_only                  1             1470             1470               1470    5.7652e-15             -             -
                      Ebre:contig_142815:49                 YR_only                  1              487              487                487    8.6349e-15             -             -
                        Ebre:contig_89907:2             two_domains                  1             1527             1527               1527    1.9031e-14             -    1.4838e-36
                      Ebre:contig_89907:403             two_domains                  1             1527             1527               1527    1.9031e-14             -    1.4838e-36
                      Ebre:contig_561590:83                 YR_only                  1              281              281                281    2.2354e-14             -             -
                      Ebre:contig_579149:74                 YR_only                  1              522              522                522    2.4542e-14             -             -
                     Ebre:contig_159202:789                 YR_only                  1             1320             1320               1320    2.8996e-14             -             -
                        Ebre:contig_48002:2                 YR_only                  1              602              602                602    2.9542e-14             -             -
                     Ebre:contig_173527:172                 YR_only                  1              685              685                685    3.6532e-14             -             -
                     Ebre:contig_108234:143                    DIRS                  1             2521             2521               2521    3.7712e-14    5.2550e-06    1.6246e-12
                      Ebre:contig_264584:93                 YR_only                  1              482              482                482    4.3848e-14             -             -
                     Ebre:contig_319328:396                 YR_only                  1             1079             1079               1079    4.6373e-14             -             -
                      Ebre:contig_319328:69                 YR_only                  1             1079             1079               1079    3.8260e-03             -             -
                     Ebre:contig_319328:157                 YR_only                  1             1079             1079               1079    3.8260e-03             -             -
                      Ebre:contig_43710:222                 YR_only                  1              675              675                675    4.8602e-14             -             -
                     Ebre:contig_304333:744                 YR_only                  1             1555             1555               1555    5.4156e-14             -             -
                      Ebre:contig_304333:86                 YR_only                  1             1555             1555               1555    5.4156e-14             -             -
                     Ebre:contig_357760:187                 YR_only                  1              487              487                487    6.2205e-14             -             -
                     Ebre:contig_144259:694                 YR_only                  1             1636             1636               1636    6.8465e-14             -             -
                     Ebre:contig_189533:223                    DIRS                  1             2693             2693               2693    9.1169e-14    3.2532e-36    4.7169e-32
                    Ebre:contig_180197:1753                 YR_only                  1             2974             2974               2974    1.5021e-13             -             -
                    Ebre:contig_180197:2364                 YR_only                  1             2974             2974               2974    1.5021e-13             -             -
                     Ebre:contig_120797:602                 YR_only                  1             1792             1792               1792    1.6479e-13             -             -
                       Ebre:contig_117065:6                 YR_only                  1              910              910                910    1.6481e-13             -             -
                      Ebre:contig_48913:475             two_domains                  1              836              836                836    1.9021e-13             -    7.5086e-31
                     Ebre:contig_183337:162                 YR_only                  1              599              599                599    2.1370e-13             -             -
                       Ebre:contig_248061:6                 YR_only                  1              510              510                510    2.4331e-13             -             -
                       Ebre:contig_477035:3                 YR_only                  1              488              488                488    8.8452e-13             -             -
                     Ebre:contig_278925:213                 YR_only                  1              630              630                630    2.3137e-12             -             -
                      Ebre:contig_48912:688             two_domains                  1             1040             1040               1040    2.9522e-12             -    5.5317e-33
                      Ebre:contig_23208:186                 YR_only                  1              625              625                625    3.2241e-12             -             -
                     Ebre:contig_159973:211                 YR_only                  1              948              948                948    3.4031e-12             -             -
                     Ebre:contig_347061:453                 YR_only                  1             1316             1316               1316    3.5892e-12             -             -
                     Ebre:contig_347061:181                 YR_only                  1             1316             1316               1316    3.5892e-12             -             -
                      Ebre:contig_254809:83                 YR_only                  1              535              535                535    3.6852e-12             -             -
                      Ebre:contig_254809:21                 YR_only                  1              535              535                535    2.0429e-03             -             -
                      Ebre:contig_111237:11                 YR_only                  1              448              448                448    4.2643e-12             -             -
                      Ebre:contig_636573:82                 YR_only                  1              280              280                280    4.5991e-12             -             -
                      Ebre:contig_605509:13                 YR_only                  1              269              269                269    6.3168e-12             -             -
                       Ebre:contig_64615:16                 YR_only                  1              363              363                363    7.1669e-12             -             -
                       Ebre:contig_10641:53                    DIRS                  1             2053             2053               2053    9.9350e-12    1.9390e-33    7.5230e-10
                      Ebre:contig_10641:235                    DIRS                  1             2053             2053               2053    9.9350e-12    1.9390e-33    7.5230e-10
                     Ebre:contig_425275:162                 YR_only                  1             1188             1188               1188    1.0316e-11             -             -
                      Ebre:contig_164810:35                 YR_only                  1              858              858                858    1.0467e-11             -             -
                        Ebre:contig_26487:3                 YR_only                  1              355              355                355    1.3756e-11             -             -
                        Ebre:contig_3433:74                    DIRS                  1             2800             2800               2800    2.2236e-11    1.8260e-39    4.9699e-29
                     Ebre:contig_175493:448                 YR_only                  1              909              909                909    3.0775e-11             -             -
                     Ebre:contig_175493:143                 YR_only                  1              909              909                909    1.7597e-07             -             -
                    Ebre:contig_108522:1609                 YR_only                  1             2889             2889               2889    6.0349e-11             -             -
                     Ebre:contig_202896:236                 YR_only                  1              734              734                734    8.0026e-11             -             -
                       Ebre:contig_570168:2                 YR_only                  1              626              626                626    8.8332e-11             -             -
                      Ebre:contig_263821:21                 YR_only                  1              811              811                811    8.9187e-11             -             -
                     Ebre:contig_263821:436                 YR_only                  1              811              811                811    8.9187e-11             -             -
                     Ebre:contig_97222:1664                 YR_only                  1             2186             2186               2186    1.0353e-10             -             -
                     Ebre:contig_97222:1617                 YR_only                  1             2186             2186               2186    1.0353e-10             -             -
                     Ebre:contig_334046:118                 YR_only                  1              556              556                556    1.0550e-10             -             -
                     Ebre:contig_135873:309                 YR_only                  1             1144             1144               1144    1.2865e-10             -             -
                     Ebre:contig_135873:899                 YR_only                  1             1144             1144               1144    8.4195e-04             -             -
                      Ebre:contig_360183:58                 YR_only                  1              441              441                441    1.6167e-10             -             -
                       Ebre:contig_286149:8                 YR_only                  1              517              517                517    1.8949e-10             -             -
                     Ebre:contig_474516:289                 YR_only                  1              540              540                540    2.0025e-10             -             -
                     Ebre:contig_347446:177                 YR_only                  1             1000             1000               1000    2.5855e-10             -             -
                       Ebre:contig_90950:28                 YR_only                  1              445              445                445    3.1807e-10             -             -
                       Ebre:contig_10686:24                 YR_only                  1              378              378                378    3.8969e-10             -             -
                       Ebre:contig_108432:3                    DIRS                  1             3412             3412               3412    4.5024e-10    9.2396e-36    1.1855e-30
                      Ebre:contig_425959:55                 YR_only                  1              488              488                488    4.8195e-10             -             -
                      Ebre:contig_261980:21                 YR_only                  1              496              496                496    6.6928e-10             -             -
                      Ebre:contig_280454:67                 YR_only                  1              329              329                329    7.0428e-10             -             -
                      Ebre:contig_290910:75                 YR_only                  1              849              849                849    7.1992e-10             -             -
                     Ebre:contig_81922:2139                 YR_only                  1             2610             2610               2610    7.6219e-10             -             -
                     Ebre:contig_432501:134                 YR_only                  1              413              413                413    7.9935e-10             -             -
                      Ebre:contig_446820:12                 YR_only                  1             1453             1453               1453    1.0079e-09             -             -
                       Ebre:contig_42558:65                 YR_only                  1              571              571                571    1.0914e-09             -             -
                      Ebre:contig_10685:255                 YR_only                  1              597              597                597    1.1528e-09             -             -
                     Ebre:contig_221694:515                 YR_only                  1              940              940                940    1.1762e-09             -             -
                      Ebre:contig_434029:58                 YR_only                  1              287              287                287    1.7907e-09             -             -
                      Ebre:contig_154033:71                 YR_only                  1              884              884                884    2.0288e-09             -             -
                        Ebre:contig_3546:61                 YR_only                  1              379              379                379    2.0419e-09             -             -
                     Ebre:contig_355434:230                 YR_only                  1              417              417                417    2.1695e-09             -             -
                      Ebre:contig_534548:96                 YR_only                  1              467              467                467    2.3536e-09             -             -
                       Ebre:contig_208632:6                 YR_only                  1             1827             1827               1827    2.3709e-09             -             -
                       Ebre:contig_435167:2                 YR_only                  1              216              216                216    2.4017e-09             -             -
                       Ebre:contig_10128:13                 YR_only                  1              695              695                695    2.6544e-09             -             -
                      Ebre:contig_10128:446                 YR_only                  1              695              695                695    2.6544e-09             -             -
                      Ebre:contig_55456:895                 YR_only                  1             1749             1749               1749    3.0863e-09             -             -
                     Ebre:contig_55456:1395                 YR_only                  1             1749             1749               1749    3.0863e-09             -             -
                      Ebre:contig_276065:17                 YR_only                  1              272              272                272    3.4182e-09             -             -
                      Ebre:contig_485752:50                 YR_only                  1              371              371                371    5.3586e-09             -             -
                      Ebre:contig_111190:28                 YR_only                  1              404              404                404    5.5964e-09             -             -
                     Ebre:contig_463037:378                 YR_only                  1              588              588                588    5.7518e-09             -             -
                      Ebre:contig_254839:33                 YR_only                  1              261              261                261    6.4800e-09             -             -
                      Ebre:contig_263822:28                 YR_only                  1              645              645                645    8.8277e-09             -             -
                     Ebre:contig_263057:274                 YR_only                  1              480              480                480    8.9370e-09             -             -
                     Ebre:contig_647876:278                 YR_only                  1              663              663                663    9.1403e-09             -             -
                     Ebre:contig_588695:179                 YR_only                  1              609              609                609    1.1365e-08             -             -
                       Ebre:contig_735760:7                 YR_only                  1              437              437                437    1.1394e-08             -             -
                       Ebre:contig_219853:7                 YR_only                  1              292              292                292    1.2790e-08             -             -
                     Ebre:contig_155286:790                 YR_only                  1             1298             1298               1298    1.3641e-08             -             -
                       Ebre:contig_193476:1                 YR_only                  1              393              393                393    1.4606e-08             -             -
                     Ebre:contig_278650:210                 YR_only                  1              455              455                455    1.6256e-08             -             -
                       Ebre:contig_475988:7                 YR_only                  1              219              219                219    1.6981e-08             -             -
                       Ebre:contig_65629:21                 YR_only                  1              248              248                248    1.7104e-08             -             -
                      Ebre:contig_90949:191                 YR_only                  1             1080             1080               1080    1.8617e-08             -             -
                      Ebre:contig_293734:10                 YR_only                  1              538              538                538    1.8869e-08             -             -
                     Ebre:contig_227806:225                 YR_only                  1              490              490                490    2.3956e-08             -             -
                      Ebre:contig_136154:10                 YR_only                  1              431              431                431    2.9586e-08             -             -
                       Ebre:contig_373326:2                 YR_only                  1              468              468                468    3.1494e-08             -             -
                      Ebre:contig_386074:53                 YR_only                  1              233              233                233    3.2502e-08             -             -
                     Ebre:contig_108294:215                 YR_only                  1              520              520                520    3.4730e-08             -             -
                       Ebre:contig_221312:2                 YR_only                  1              544              544                544    3.6509e-08             -             -
                     Ebre:contig_494545:159                 YR_only                  1              583              583                583    3.9043e-08             -             -
                      Ebre:contig_33681:765                 YR_only                  1             1636             1636               1636    4.0164e-08             -             -
                       Ebre:contig_381688:3                 YR_only                  1              484              484                484    4.4860e-08             -             -
                       Ebre:contig_355905:4                 YR_only                  1              248              248                248    4.5173e-08             -             -
                     Ebre:contig_532861:241                 YR_only                  1              729              729                729    4.6633e-08             -             -
                      Ebre:contig_532861:39                 YR_only                  1              729              729                729    4.6633e-08             -             -
                      Ebre:contig_359051:30                 YR_only                  1              301              301                301    4.7112e-08             -             -
                       Ebre:contig_171407:3                 YR_only                  1              869              869                869    4.7478e-08             -             -
                      Ebre:contig_144799:67                 YR_only                  1              384              384                384    5.2410e-08             -             -
                      Ebre:contig_264583:64                 YR_only                  1              605              605                605    5.6525e-08             -             -
                       Ebre:contig_224465:2                 YR_only                  1              617              617                617    7.9060e-08             -             -
                      Ebre:contig_40935:583                 YR_only                  1             1040             1040               1040    8.4122e-08             -             -
                     Ebre:contig_277769:207                 YR_only                  1              983              983                983    1.0632e-07             -             -
                      Ebre:contig_211972:81                 YR_only                  1              443              443                443    1.1031e-07             -             -
                       Ebre:contig_546093:3                 YR_only                  1              222              222                222    1.1805e-07             -             -
                       Ebre:contig_485217:2                 YR_only                  1              270              270                270    1.2001e-07             -             -
                       Ebre:contig_123538:4                 YR_only                  1              271              271                271    1.2079e-07             -             -
                     Ebre:contig_229655:331                 YR_only                  1              574              574                574    1.3777e-07             -             -
                      Ebre:contig_230803:13                 YR_only                  1              669              669                669    1.6435e-07             -             -
                       Ebre:contig_274812:2                 YR_only                  1              324              324                324    1.7400e-07             -             -
                      Ebre:contig_714593:29                 YR_only                  1              356              356                356    1.8211e-07             -             -
                       Ebre:contig_474016:9                 YR_only                  1              365              365                365    1.8440e-07             -             -
                     Ebre:contig_274979:451                 YR_only                  1             1205             1205               1205    1.9276e-07             -             -
                     Ebre:contig_645367:309                 YR_only                  1              438              438                438    2.0601e-07             -             -
                      Ebre:contig_30406:331                 YR_only                  1             1485             1485               1485    2.0662e-07             -             -
                      Ebre:contig_711271:10                 YR_only                  1              241              241                241    2.2512e-07             -             -
                       Ebre:contig_168801:5                 YR_only                  1              201              201                201    2.2520e-07             -             -
                      Ebre:contig_42601:438                 YR_only                  1              680              680                680    2.2899e-07             -             -
                       Ebre:contig_582751:8                 YR_only                  1              273              273                273    2.2956e-07             -             -
                      Ebre:contig_182980:47                 YR_only                  1              304              304                304    2.3513e-07             -             -
                     Ebre:contig_349788:195                 YR_only                  1              325              325                325    2.3974e-07             -             -
                       Ebre:contig_353849:2                 YR_only                  1              556              556                556    2.5199e-07             -             -
                     Ebre:contig_361540:147                 YR_only                  1              536              536                536    3.3540e-07             -             -
                      Ebre:contig_38986:297                 YR_only                  1              668              668                668    4.2352e-07             -             -
                     Ebre:contig_147134:113                 YR_only                  1              238              238                238    4.2732e-07             -             -
                     Ebre:contig_203894:219             two_domains                  1             1175             1175               1175    4.6623e-07             -    4.7317e-12
                     Ebre:contig_177621:158                 YR_only                  1              588              588                588    5.0549e-07             -             -
                      Ebre:contig_496453:17                 YR_only                  1              411              411                411    5.1369e-07             -             -
                     Ebre:contig_852603:134                 YR_only                  1              473              473                473    5.6837e-07             -             -
                      Ebre:contig_359052:24                 YR_only                  1              244              244                244    5.8840e-07             -             -
                      Ebre:contig_216748:79                 YR_only                  1              336              336                336    6.3877e-07             -             -
                     Ebre:contig_257834:768                 YR_only                  1             1203             1203               1203    6.5321e-07             -             -
                     Ebre:contig_257834:214                 YR_only                  1             1203             1203               1203    1.6694e-03             -             -
                     Ebre:contig_308564:199                 YR_only                  1              749              749                749    6.6144e-07             -             -
                       Ebre:contig_120825:1                 YR_only                  1              399              399                399    6.9660e-07             -             -
                       Ebre:contig_272367:2                 YR_only                  1              697              697                697    8.2946e-07             -             -
                      Ebre:contig_160791:74                 YR_only                  1              517              517                517    8.4127e-07             -             -
                     Ebre:contig_201369:396                 YR_only                  1              761              761                761    9.1615e-07             -             -
                      Ebre:contig_141736:78                 YR_only                  1              441              441                441    1.0115e-06             -             -
                     Ebre:contig_145168:323                 YR_only                  1              449              449                449    1.0260e-06             -             -
                      Ebre:contig_258055:88                 YR_only                  1              323              323                323    1.1829e-06             -             -
                       Ebre:contig_225368:3                 YR_only                  1              624              624                624    1.3803e-06             -             -
                     Ebre:contig_120824:472                 YR_only                  1              869              869                869    1.4609e-06             -             -
                       Ebre:contig_57630:27                 YR_only                  1              225              225                225    1.5295e-06             -             -
                     Ebre:contig_335538:558                 YR_only                  1              951              951                951    1.6254e-06             -             -
                       Ebre:contig_19059:35                 YR_only                  1              318              318                318    1.6258e-06             -             -
                      Ebre:contig_64777:313                 YR_only                  1              587              587                587    1.7808e-06             -             -
                      Ebre:contig_288826:86                 YR_only                  1              455              455                455    1.9598e-06             -             -
                     Ebre:contig_100608:704                 YR_only                  1             1116             1116               1116    1.9757e-06             -             -
                       Ebre:contig_377915:3             two_domains                  1              668              668                668    2.0283e-06             -    9.0947e-40
                      Ebre:contig_361541:33                 YR_only                  1              277              277                277    2.1451e-06             -             -
                     Ebre:contig_107357:606                 YR_only                  1              828              828                828    2.5426e-06             -             -
                      Ebre:contig_315780:47                 YR_only                  1              486              486                486    2.8040e-06             -             -
                    Ebre:contig_123062:1012                 YR_only                  1             1399             1399               1399    2.8284e-06             -             -
                       Ebre:contig_155168:1                 YR_only                  1              325              325                325    3.0985e-06             -             -
                       Ebre:contig_229725:4                 YR_only                  1              554              554                554    3.1462e-06             -             -
                      Ebre:contig_206057:12                 YR_only                  1              376              376                376    3.2757e-06             -             -
                       Ebre:contig_1425:425                 YR_only                  1              610              610                610    3.4290e-06             -             -
                      Ebre:contig_280486:12                 YR_only                  1              422              422                422    3.4901e-06             -             -
                      Ebre:contig_14295:177                 YR_only                  1              830              830                830    3.5006e-06             -             -
                       Ebre:contig_261772:1                 YR_only                  1              436              436                436    3.5849e-06             -             -
                      Ebre:contig_506269:92                 YR_only                  1              335              335                335    3.8692e-06             -             -
                       Ebre:contig_506269:1                 YR_only                  1              335              335                335    3.8692e-06             -             -
                      Ebre:contig_790234:26                 YR_only                  1              227              227                227    3.9745e-06             -             -
                      Ebre:contig_148314:33                 YR_only                  1              242              242                242    3.9806e-06             -             -
                      Ebre:contig_127559:79                 YR_only                  1              727              727                727    4.0976e-06             -             -
                       Ebre:contig_689020:9                 YR_only                  1              317              317                317    4.2128e-06             -             -
                     Ebre:contig_362929:169                 YR_only                  1              749              749                749    4.2598e-06             -             -
                     Ebre:contig_340655:352                 YR_only                  1             1269             1269               1269    4.3836e-06             -             -
                      Ebre:contig_581913:44                 YR_only                  1              394              394                394    4.6054e-06             -             -
                     Ebre:contig_504124:127                 YR_only                  1              813              813                813    4.6458e-06             -             -
                    Ebre:contig_150986:1127                 YR_only                  1             1951             1951               1951    4.7214e-06             -             -
                    Ebre:contig_150986:1517                 YR_only                  1             1951             1951               1951    6.3878e-06             -             -
                     Ebre:contig_150986:478                 YR_only                  1             1951             1951               1951    5.6187e-04             -             -
                     Ebre:contig_556146:459             two_domains                  1              637              637                637    4.8849e-06             -    7.3204e-18
                     Ebre:contig_301364:966                 YR_only                  1             1853             1853               1853    5.5993e-06             -             -
                       Ebre:contig_565116:1                 YR_only                  1              319              319                319    5.7826e-06             -             -
                       Ebre:contig_148787:4                 YR_only                  1              354              354                354    6.0254e-06             -             -
                      Ebre:contig_55790:452                 YR_only                  1              825              825                825    6.3881e-06             -             -
                       Ebre:contig_65630:10                 YR_only                  1              442              442                442    6.8234e-06             -             -
                       Ebre:contig_434222:1                 YR_only                  1              256              256                256    7.5568e-06             -             -
                     Ebre:contig_256387:351                 YR_only                  1              804              804                804    8.4771e-06             -             -
                        Ebre:contig_39592:1                 YR_only                  1              805              805                805    8.4771e-06             -             -
                       Ebre:contig_377129:5                 YR_only                  1              393              393                393    8.6568e-06             -             -
                     Ebre:contig_485204:201                 YR_only                  1              408              408                408    8.8739e-06             -             -
                      Ebre:contig_197107:74                 YR_only                  1              633              633                633    9.0960e-06             -             -
                     Ebre:contig_256067:222                 YR_only                  1              656              656                656    9.3401e-06             -             -
                      Ebre:contig_613727:18                 YR_only                  1              479              479                479    9.8588e-06             -             -
                      Ebre:contig_951681:43                 YR_only                  1              219              219                219    1.0296e-05             -             -
                     Ebre:contig_81684:2214                    DIRS                  1             2691             2691               2691    1.0453e-05    1.2806e-32    2.1498e-20
                      Ebre:contig_125526:34                 YR_only                  1              349              349                349    1.1211e-05             -             -
                     Ebre:contig_349319:243                 YR_only                  1              827              827                827    1.1773e-05             -             -
                     Ebre:contig_757878:178                 YR_only                  1              479              479                479    1.3487e-05             -             -
                      Ebre:contig_13880:441                 YR_only                  1              968              968                968    1.3920e-05             -             -
                     Ebre:contig_148221:108                 YR_only                  1              574              574                574    1.5423e-05             -             -
                      Ebre:contig_88075:157                 YR_only                  1              897              897                897    1.7377e-05             -             -
                      Ebre:contig_269422:25                 YR_only                  1              474              474                474    1.8203e-05             -             -
                     Ebre:contig_738206:286                 YR_only                  1              388              388                388    1.8335e-05             -             -
                     Ebre:contig_738206:138                 YR_only                  1              388              388                388    1.8335e-05             -             -
                       Ebre:contig_525325:7                 YR_only                  1              364              364                364    2.1511e-05             -             -
                      Ebre:contig_292668:11                 YR_only                  1              356              356                356    2.3757e-05             -             -
                     Ebre:contig_292668:220                 YR_only                  1              356              356                356    2.3757e-05             -             -
                     Ebre:contig_193663:108                 YR_only                  1              941              941                941    2.4704e-05             -             -
                     Ebre:contig_193663:770                 YR_only                  1              941              941                941    3.3385e-05             -             -
                     Ebre:contig_280724:291                 YR_only                  1              482              482                482    2.5213e-05             -             -
                      Ebre:contig_14070:300                 YR_only                  1              510              510                510    2.6216e-05             -             -
                        Ebre:contig_3548:61                 YR_only                  1              506              506                506    2.6216e-05             -             -
                     Ebre:contig_482887:225                 YR_only                  1             1271             1271               1271    2.6767e-05             -             -
                     Ebre:contig_254838:208                 YR_only                  1             1206             1206               1206    3.3352e-05             -             -
                     Ebre:contig_106036:377                 YR_only                  1             1258             1258               1258    3.5331e-05             -             -
                      Ebre:contig_599413:13                 YR_only                  1              288              288                288    3.7540e-05             -             -
                      Ebre:contig_88309:608                 YR_only                  1             1073             1073               1073    3.8512e-05             -             -
                     Ebre:contig_464935:178                 YR_only                  1              346              346                346    3.9520e-05             -             -
                      Ebre:contig_375062:14                 YR_only                  1              414              414                414    4.2672e-05             -             -
                       Ebre:contig_612454:3                 YR_only                  1              286              286                286    5.1112e-05             -             -
                     Ebre:contig_394613:120                 YR_only                  1              332              332                332    5.3106e-05             -             -
                     Ebre:contig_350543:176                 YR_only                  1              352              352                352    5.4654e-05             -             -
                       Ebre:contig_173686:1                 YR_only                  1              355              355                355    5.4654e-05             -             -
                     Ebre:contig_339171:753                 YR_only                  1             1224             1224               1224    6.1561e-05             -             -
                      Ebre:contig_446114:10                 YR_only                  1              731              731                731    6.5742e-05             -             -
                      Ebre:contig_92311:184                 YR_only                  1              505              505                505    6.6695e-05             -             -
                     Ebre:contig_604383:210                 YR_only                  1              620              620                620    6.6924e-05             -             -
                      Ebre:contig_604383:67                 YR_only                  1              620              620                620    6.6924e-05             -             -
                     Ebre:contig_305515:124                 YR_only                  1              342              342                342    7.4072e-05             -             -
                      Ebre:contig_182538:74                 YR_only                  1              392              392                392    7.8023e-05             -             -
                      Ebre:contig_58643:659                 YR_only                  1              894              894                894    7.8517e-05             -             -
                     Ebre:contig_156857:209                 YR_only                  1              738              738                738    8.9139e-05             -             -
                      Ebre:contig_587230:16                 YR_only                  1              206              206                206    9.4626e-05             -             -
                     Ebre:contig_815180:133                 YR_only                  1              328              328                328    9.9539e-05             -             -
                      Ebre:contig_165721:74                 YR_only                  1              580              580                580    1.0016e-04             -             -
                       Ebre:contig_382561:1                 YR_only                  1              364              364                364    1.0337e-04             -             -
                       Ebre:contig_46721:14                 YR_only                  1              969              969                969    1.1394e-04             -             -
                     Ebre:contig_904507:113                 YR_only                  1              246              246                246    1.2921e-04             -             -
                     Ebre:contig_102361:276                 YR_only                  1              802              802                802    1.2941e-04             -             -
                     Ebre:contig_221517:697                 YR_only                  1              806              806                806    1.3064e-04             -             -
                     Ebre:contig_524034:347                 YR_only                  1              850              850                850    1.3682e-04             -             -
                      Ebre:contig_519236:14                 YR_only                  1              361              361                361    1.4138e-04             -             -
                     Ebre:contig_653077:114                 YR_only                  1              388              388                388    1.4429e-04             -             -
                      Ebre:contig_630354:39                 YR_only                  1              415              415                415    1.4902e-04             -             -
                      Ebre:contig_89938:240                 YR_only                  1              454              454                454    1.5770e-04             -             -
                        Ebre:contig_40969:3                 YR_only                  1             1008             1008               1008    1.5933e-04             -             -
                      Ebre:contig_500349:85                 YR_only                  1              307              307                307    1.8344e-04             -             -
                       Ebre:contig_382536:4                 YR_only                  1              385              385                385    1.9721e-04             -             -
                     Ebre:contig_796146:113                 YR_only                  1              228              228                228    2.4188e-04             -             -
                       Ebre:contig_417350:4                 YR_only                  1              324              324                324    2.5490e-04             -             -
                     Ebre:contig_193710:201                 YR_only                  1              607              607                607    2.6045e-04             -             -
                      Ebre:contig_291246:16                 YR_only                  1              378              378                378    2.6944e-04             -             -
                     Ebre:contig_193767:408                 YR_only                  1             1410             1410               1410    2.7460e-04             -             -
                     Ebre:contig_484507:219                 YR_only                  1              675              675                675    2.8014e-04             -             -
                     Ebre:contig_102382:194                 YR_only                  1              448              448                448    2.9027e-04             -             -
                     Ebre:contig_263820:559             two_domains                  1              811              811                811    3.2517e-04    2.6600e-23             -
                       Ebre:contig_693870:1                 YR_only                  1              234              234                234    3.3134e-04             -             -
                     Ebre:contig_210493:116                 YR_only                  1              218              218                218    3.3153e-04             -             -
                      Ebre:contig_387063:47                 YR_only                  1              319              319                319    3.4582e-04             -             -
                       Ebre:contig_42557:17                 YR_only                  1              414              414                414    3.7941e-04             -             -
                      Ebre:contig_714569:20                 YR_only                  1              237              237                237    4.5357e-04             -             -
                     Ebre:contig_483394:244                 YR_only                  1              898              898                898    4.7340e-04             -             -
                       Ebre:contig_304186:6                 YR_only                  1              410              410                410    5.1773e-04             -             -
                       Ebre:contig_552870:2                 YR_only                  1              218              218                218    6.2139e-04             -             -
                       Ebre:contig_557543:4                 YR_only                  1              208              208                208    6.2295e-04             -             -
                      Ebre:contig_290094:39                 YR_only                  1              318              318                318    6.4622e-04             -             -
                     Ebre:contig_265693:248                 YR_only                  1              478              478                478    6.8523e-04             -             -
                       Ebre:contig_265693:6                 YR_only                  1              478              478                478    6.8523e-04             -             -
                     Ebre:contig_350016:220                 YR_only                  1              748              748                748    7.5391e-04             -             -
                      Ebre:contig_166713:13                 YR_only                  1              219              219                219    8.5039e-04             -             -
                      Ebre:contig_815310:13                 YR_only                  1              301              301                301    8.7137e-04             -             -
                      Ebre:contig_940753:51                 YR_only                  1              323              323                323    8.8300e-04             -             -
                     Ebre:contig_262725:112                 YR_only                  1              704              704                704    9.7606e-04             -             -
                     Ebre:contig_743618:217                 YR_only                  1              462              462                462    1.0224e-03             -             -
                      Ebre:contig_121109:97                 YR_only                  1              306              306                306    1.1981e-03             -             -
                       Ebre:contig_480572:4                 YR_only                  1              224              224                224    1.5915e-03             -             -
                      Ebre:contig_788171:74                 YR_only                  1              357              357                357    1.6971e-03             -             -
                     Ebre:contig_125872:247                 YR_only                  1              844              844                844    2.0019e-03             -             -
                       Ebre:contig_322151:2                 YR_only                  1              579              579                579    2.1388e-03             -             -
                        Ebre:contig_55791:5                 YR_only                  1              246              246                246    2.1735e-03             -             -
                       Ebre:contig_552871:2                 YR_only                  1              221              221                221    2.1763e-03             -             -
                      Ebre:contig_707805:17                 YR_only                  1              268              268                268    2.1827e-03             -             -
                       Ebre:contig_397915:2                 YR_only                  1              287              287                287    2.1990e-03             -             -
                      Ebre:contig_230762:15                 YR_only                  1              305              305                305    2.2212e-03             -             -
                    Ebre:contig_130143:2915                 YR_only                  1             7540             7540               7540    2.5596e-03             -             -
                     Ebre:contig_105256:184                 YR_only                  1              487              487                487    2.6473e-03             -             -
                      Ebre:contig_588860:31                 YR_only                  1              204              204                204    2.9982e-03             -             -
                     Ebre:contig_143826:165                 YR_only                  1              380              380                380    3.2330e-03             -             -
                      Ebre:contig_52428:507                 YR_only                  1              746              746                746    3.3437e-03             -             -
                      Ebre:contig_266287:21                 YR_only                  1              245              245                245    4.0576e-03             -             -
                      Ebre:contig_259474:90                 YR_only                  1              260              260                260    4.0631e-03             -             -
                      Ebre:contig_717751:20                 YR_only                  1              308              308                308    4.1609e-03             -             -
                    Ebre:contig_120804:1173             two_domains                  1             1762             1762               1762    5.0924e-03             -    8.8275e-06
                       Ebre:contig_643880:3                 YR_only                  1              252              252                252    5.5414e-03             -             -
                      Ebre:contig_543667:78                 YR_only                  1              228              228                228    5.5446e-03             -             -
                      Ebre:contig_923960:99                 YR_only                  1              222              222                222    5.5558e-03             -             -
                      Ebre:contig_685710:78                 YR_only                  1              223              223                223    5.5558e-03             -             -
                     Ebre:contig_109437:161                 YR_only                  1              295              295                295    5.6189e-03             -             -
                      Ebre:contig_745268:93                 YR_only                  1              319              319                319    5.7079e-03             -             -
-------------------------------------------------------------------------------------------------------------------------------------------------------------------------------------
Indications are structural and not phylogenetic.
Indications depend on Ugene parameters.
1. pat1-like: ==>=RT=MT=>>=>=YR=>>=.
2. kangaroo: ==>=RT=MT=>>=>=RY=>>=.
3. PAT: =>RT=MT=YR=>>=>=>>.
4. dirs1-like: =>=RT=MT=YR=<>>=<<=.
5. Ngaro or Viper: =>RT=YR=>>=>=>>=.
