1_comparable_trees/RT_corrected.tre
2_comparable_trees/YR_corrected.tre
3_comparable_trees/RTYR_corrected.tre

comparable_trees/RT_corrected.mafft_trim07.fas

# reading RAxML_perSiteLLs.pv
# rank item    obs     au     np |     bp     pp     kh     sh    wkh    wsh |
#    1    1 -516.5  1.000  1.000 |  1.000  1.000  1.000  1.000  1.000  1.000 |
#    2    3  516.5  1e-39  1e-16 |      0 5e-225      0  0.073      0      0 |
#    3    2 10787.6  4e-71  8e-23 |      0      0      0      0      0      0 |


comparable_trees/YR_corrected.mafft_trim07.fas

# reading RAxML_perSiteLLs.pv
# rank item    obs     au     np |     bp     pp     kh     sh    wkh    wsh |
#    1    2 -560.7  1.000  1.000 |  1.000  1.000  1.000  1.000  1.000  1.000 |
#    2    3  560.7  3e-08  2e-09 |      0 3e-244      0      0      0      0 |
#    3    1 2840.6  5e-60  3e-20 |      0      0      0      0      0      0 |


comparable_trees/RTYR_corrected.mafft_trim07.fas

# reading RAxML_perSiteLLs.pv
# rank item    obs     au     np |     bp     pp     kh     sh    wkh    wsh |
#    1    3 -1685.2  1.000  1.000 |  1.000  1.000  1.000  1.000  1.000  1.000 |
#    2    1 1685.2  2e-06  2e-07 |      0      0      0  0.050      0      0 |
#    3    2 9395.1  6e-65  1e-20 |      0      0      0      0      0      0 |

