YR element hits in Nvi
=====================================================================================================================================================================================
Fragment(species:contig:YR_start_on_contig)    Structure_Indication    start_on_contig    end_on_contig    Contig_length    Fragment_length     YR_evalue     RT_evalue     MT_evalue
-------------------------------------------------------------------------------------------------------------------------------------------------------------------------------------
              Nvi:gnl|Nvit1.0|Chr1:21747746                    DIRS           21737746         21758558         48524378              20813    3.9880e-63    3.8478e-36    2.1504e-31
              Nvi:gnl|Nvit1.0|Chr1:28426875                    DIRS           28416875         28437705         48524378              20831    1.7446e-58    5.7076e-47    5.8478e-40
              Nvi:gnl|Nvit1.0|Chr1:38516593                 YR_only           38506593         38527417         48524378              20825    4.3565e-58             -             -
              Nvi:gnl|Nvit1.0|Chr1:16594586              dirs1-like           16584586         16605419         48524378              20834    1.4756e-57    3.2510e-40    2.8427e-22
              Nvi:gnl|Nvit1.0|Chr1:30520848              dirs1-like           30510848         30531666         48524378              20819    4.8324e-55    3.9001e-49    8.6129e-36
              Nvi:gnl|Nvit1.0|Chr1:42092580             two_domains           42082580         42103371         48524378              20792    3.2941e-51             -    1.6154e-42
              Nvi:gnl|Nvit1.0|Chr1:40050321             two_domains           40040321         40060887         48524378              20567    6.6359e-51             -    1.7890e-25
              Nvi:gnl|Nvit1.0|Chr1:40050052             two_domains           40040052         40060324         48524378              20273    6.6359e-51             -    1.7459e-25
              Nvi:gnl|Nvit1.0|Chr1:22787018                    DIRS           22777018         22797725         48524378              20708    2.0419e-40    1.7413e-36    2.3079e-40
              Nvi:gnl|Nvit1.0|Chr1:19216858                    DIRS           19206858         19227610         48524378              20753    1.3901e-38    1.0842e-03    8.6068e-09
              Nvi:gnl|Nvit1.0|Chr1:27358017                    DIRS           27348017         27368721         48524378              20705    6.9453e-37    3.6880e-46    7.6173e-42
              Nvi:gnl|Nvit1.0|Chr1:16984295                    DIRS           16974295         16994651         48524378              20357    2.8368e-35    4.9138e-12    5.4180e-12
              Nvi:gnl|Nvit1.0|Chr1:16984675                    DIRS           16974675         16994932         48524378              20258    2.8368e-35    4.9304e-12    5.4484e-12
              Nvi:gnl|Nvit1.0|Chr1:16984968                    DIRS           16974968         16995063         48524378              20096    2.8368e-35    4.9377e-12    5.4612e-12
              Nvi:gnl|Nvit1.0|Chr1:42316755                 YR_only           42306755         42327138         48524378              20384    1.1400e-29             -             -
              Nvi:gnl|Nvit1.0|Chr1:42316595                 YR_only           42306595         42326756         48524378              20162    1.1400e-29             -             -
              Nvi:gnl|Nvit1.0|Chr1:19485986              dirs1-like           19475986         19496369         48524378              20384    1.0892e-18    1.9794e-46    6.9681e-39
              Nvi:gnl|Nvit1.0|Chr1:16980860                    DIRS           16970860         16991279         48524378              20420    4.3924e-18    4.6453e-12    4.9029e-12
              Nvi:gnl|Nvit1.0|Chr1:21923587                 YR_only           21913587         21934021         48524378              20435    3.8270e-08             -             -
              Nvi:gnl|Nvit1.0|Chr1:22787562                    DIRS           22777562         22797846         48524378              20285    6.8522e-08    1.7423e-36    2.2014e-40
              Nvi:gnl|Nvit1.0|Chr1:39484214                 YR_only           39474214         39494345         48524378              20132    8.6997e-05             -             -
             Nvi:gnl|Nvit1.0|ChrUn:97409307              dirs1-like           97399307         97420128        165010621              20822    1.3539e-62    2.3812e-45    9.1002e-41
             Nvi:gnl|Nvit1.0|ChrUn:99414524                    DIRS           99404524         99425345        165010621              20822    1.5589e-61    2.3812e-45    9.1002e-41
             Nvi:gnl|Nvit1.0|ChrUn:22317683              dirs1-like           22307683         22328513        165010621              20831    1.7449e-58    2.1037e-44    1.0809e-30
              Nvi:gnl|Nvit1.0|ChrUn:1713388                    DIRS            1703388          1724215        165010621              20828    5.5267e-54    2.7019e-46    6.6745e-41
            Nvi:gnl|Nvit1.0|ChrUn:151929081              dirs1-like          151919081        151939917        165010621              20837    4.6558e-53    5.0525e-46    8.3051e-38
              Nvi:gnl|Nvit1.0|ChrUn:4882626             two_domains            4872626          4893426        165010621              20801    7.2005e-52             -    2.6221e-30
            Nvi:gnl|Nvit1.0|ChrUn:116168369                    DIRS          116158369        116179202        165010621              20834    1.7933e-51    3.6259e-41    1.8348e-36
             Nvi:gnl|Nvit1.0|ChrUn:79929962                    DIRS           79919962         79940702        165010621              20741    2.0420e-50    3.0116e-42    1.3397e-43
             Nvi:gnl|Nvit1.0|ChrUn:37775861                    DIRS           37765861         37786619        165010621              20759    4.0482e-47    6.0597e-45    5.1154e-39
             Nvi:gnl|Nvit1.0|ChrUn:15018969                    DIRS           15008969         15029682        165010621              20714    1.6656e-45    1.1285e-44    3.1441e-40
             Nvi:gnl|Nvit1.0|ChrUn:15019685                    DIRS           15009685         15029798        165010621              20114    1.6656e-45    1.0161e-44    2.9543e-40
             Nvi:gnl|Nvit1.0|ChrUn:22596028                    DIRS           22586028         22606507        165010621              20480    7.0703e-40    1.0074e-41    2.7942e-37
             Nvi:gnl|Nvit1.0|ChrUn:22595690                    DIRS           22585690         22606052        165010621              20363    7.0703e-40    1.0490e-41    2.8632e-37
             Nvi:gnl|Nvit1.0|ChrUn:14268297                 YR_only           14258297         14278767        165010621              20471    1.6031e-30             -             -
             Nvi:gnl|Nvit1.0|ChrUn:69860499                    DIRS           69850499         69871005        165010621              20507    9.2299e-29    3.3166e-43    1.1107e-20
             Nvi:gnl|Nvit1.0|ChrUn:69861011                    DIRS           69851011         69871271        165010621              20261    9.2299e-29    3.4322e-43    1.1207e-20
             Nvi:gnl|Nvit1.0|ChrUn:47786137                    DIRS           47776137         47796631        165010621              20495    2.8278e-27    1.7086e-29    3.5330e-41
             Nvi:gnl|Nvit1.0|ChrUn:47786066                    DIRS           47776066         47796128        165010621              20063    2.8278e-27    1.7097e-29    3.3677e-41
             Nvi:gnl|Nvit1.0|ChrUn:50603229                    DIRS           50593229         50614041        165010621              20813    2.1795e-24    4.2380e-44    5.4952e-25
             Nvi:gnl|Nvit1.0|ChrUn:30120228                    DIRS           30110228         30130677        165010621              20450    4.3273e-20    5.3338e-49    6.9728e-39
             Nvi:gnl|Nvit1.0|ChrUn:30120115                    DIRS           30110115         30130231        165010621              20117    4.3273e-20    4.9385e-49    6.7326e-39
            Nvi:gnl|Nvit1.0|ChrUn:133777188                    DIRS          133767188        133787517        165010621              20330    1.6170e-16    2.7762e-39    7.6173e-42
             Nvi:gnl|Nvit1.0|ChrUn:68490210                    DIRS           68480210         68500515        165010621              20306    3.7101e-16    1.2039e-41    4.2062e-36
            Nvi:gnl|Nvit1.0|ChrUn:108339966                    DIRS          108329966        108350298        165010621              20333    8.5178e-16    4.6655e-12    1.9423e-16
             Nvi:gnl|Nvit1.0|ChrUn:30114485                    DIRS           30104485         30124676        165010621              20192    1.0422e-14    2.7155e-50    1.3109e-39
             Nvi:gnl|Nvit1.0|ChrUn:95650520             two_domains           95640520         95660717        165010621              20198    2.1042e-13    2.9647e-11             -
             Nvi:gnl|Nvit1.0|ChrUn:95650249             two_domains           95640249         95660533        165010621              20285    2.1042e-13    2.9611e-11             -
             Nvi:gnl|Nvit1.0|ChrUn:68491048                    DIRS           68481048         68501317        165010621              20270    4.1832e-12    1.3542e-41    4.4943e-36
            Nvi:gnl|Nvit1.0|ChrUn:103184402                    DIRS          103174402        103194812        165010621              20411    7.6512e-12    4.2823e-33    1.8058e-04
            Nvi:gnl|Nvit1.0|ChrUn:103184836                    DIRS          103174836        103194922        165010621              20087    7.6512e-12    4.1399e-33    1.8014e-04
            Nvi:gnl|Nvit1.0|ChrUn:103184337                    DIRS          103174337        103194402        165010621              20066    7.6512e-12    4.3017e-33    1.8065e-04
             Nvi:gnl|Nvit1.0|ChrUn:47440139             two_domains           47430139         47450603        165010621              20465    2.5733e-10    2.3308e-33             -
             Nvi:gnl|Nvit1.0|ChrUn:55554844             two_domains           55544844         55565068        165010621              20225    3.4584e-10             -    7.6657e-04
             Nvi:gnl|Nvit1.0|ChrUn:90512833                 YR_only           90502833         90523093        165010621              20261    1.7970e-09             -             -
             Nvi:gnl|Nvit1.0|ChrUn:90513123                 YR_only           90503123         90523314        165010621              20192    1.7970e-09             -             -
             Nvi:gnl|Nvit1.0|ChrUn:24880790                 YR_only           24870790         24891260        165010621              20471    2.7323e-09             -             -
              Nvi:gnl|Nvit1.0|ChrUn:3282482                 YR_only            3272482          3292907        165010621              20426    1.1882e-08             -             -
            Nvi:gnl|Nvit1.0|ChrUn:114651513                 YR_only          114641513        114661950        165010621              20438    2.9175e-07             -             -
            Nvi:gnl|Nvit1.0|ChrUn:146051620                 YR_only          146041620        146061880        165010621              20261    9.2251e-07             -             -
             Nvi:gnl|Nvit1.0|ChrUn:60456289             two_domains           60446289         60466717        165010621              20429    2.1780e-06    3.3974e-09             -
             Nvi:gnl|Nvit1.0|ChrUn:68186021                 YR_only           68176021         68196770        165010621              20750    6.8108e-06             -             -
             Nvi:gnl|Nvit1.0|ChrUn:47786580                    DIRS           47776580         47796825        165010621              20246    9.0491e-06    1.7082e-29    3.5903e-41
             Nvi:gnl|Nvit1.0|ChrUn:74896586              dirs1-like           74886586         74906789        165010621              20204    1.5285e-04    7.2674e-39    3.2088e-04
             Nvi:gnl|Nvit1.0|ChrUn:16305586                 YR_only           16295586         16315864        165010621              20279    2.6838e-04             -             -
            Nvi:gnl|Nvit1.0|ChrUn:140316077                 YR_only          140306077        140326220        165010621              20144    6.2374e-04             -             -
             Nvi:gnl|Nvit1.0|ChrUn:80001658                 YR_only           79991658         80012017        165010621              20360    8.2602e-04             -             -
             Nvi:gnl|Nvit1.0|ChrUn:20044807                 YR_only           20034807         20054917        165010621              20111    1.0938e-03             -             -
             Nvi:gnl|Nvit1.0|ChrUn:85510269                 YR_only           85500269         85520637        165010621              20369    1.0938e-03             -             -
             Nvi:gnl|Nvit1.0|ChrUn:41179956                 YR_only           41169956         41190402        165010621              20447    4.4469e-03             -             -
            Nvi:gnl|Nvit1.0|ChrUn:110523921                 YR_only          110513921        110534154        165010621              20234    5.8855e-03             -             -
              Nvi:gnl|Nvit1.0|Chr5:17080272                    DIRS           17070272         17091054         30704709              20783    2.5321e-53    7.8215e-47    1.7658e-38
              Nvi:gnl|Nvit1.0|Chr5:16110552                    DIRS           16100552         16121313         30704709              20762    5.5751e-33    1.1837e-03    1.2042e-28
              Nvi:gnl|Nvit1.0|Chr5:18052202                    DIRS           18042202         18062630         30704709              20429    9.2669e-33    2.3386e-32    8.2943e-38
              Nvi:gnl|Nvit1.0|Chr5:18052707                    DIRS           18042707         18062934         30704709              20228    9.2669e-33    2.3400e-32    7.9794e-38
              Nvi:gnl|Nvit1.0|Chr5:18992365                 YR_only           18982365         19003000         30704709              20636    6.2458e-10             -             -
              Nvi:gnl|Nvit1.0|Chr5:18052672                    DIRS           18042672         18063022         30704709              20351    9.0487e-06    2.3399e-32    8.0087e-38
              Nvi:gnl|Nvit1.0|Chr5:18430281                 YR_only           18420281         18440766         30704709              20486    1.5285e-04             -             -
               Nvi:gnl|Nvit1.0|Chr5:7612321                 YR_only            7602321          7622773         30704709              20453    1.5285e-04             -             -
              Nvi:gnl|Nvit1.0|Chr4:35888848                    DIRS           35878848         35889915         35889915              11068    8.1967e-51    1.7468e-45    6.6469e-44
              Nvi:gnl|Nvit1.0|Chr4:29457080                    DIRS           29447080         29467907         35889915              20828    1.2637e-49    2.3812e-45    7.2562e-44
              Nvi:gnl|Nvit1.0|Chr4:30690571                    DIRS           30680571         30700921         35889915              20351    6.8277e-21    4.5734e-30    9.5250e-26
              Nvi:gnl|Nvit1.0|Chr4:22783206                    DIRS           22773206         22793508         35889915              20303    4.1310e-13    3.6817e-20    9.5500e-28
              Nvi:gnl|Nvit1.0|Chr4:26805036                 YR_only           26795036         26815458         35889915              20423    6.8514e-08             -             -
              Nvi:gnl|Nvit1.0|Chr3:16352337                    DIRS           16342337         16362783         35577519              20447    1.2028e-46    2.8839e-47    8.6961e-34
              Nvi:gnl|Nvit1.0|Chr3:16352777                    DIRS           16342777         16363166         35577519              20390    1.2028e-46    3.0585e-47    8.9057e-34
              Nvi:gnl|Nvit1.0|Chr3:12503393             two_domains           12493393         12514037         35577519              20645    8.9847e-44             -    2.9963e-12
              Nvi:gnl|Nvit1.0|Chr3:12503212             two_domains           12493212         12513412         35577519              20201    8.9847e-44             -    3.0066e-12
              Nvi:gnl|Nvit1.0|Chr3:27690515                    DIRS           27680515         27700808         35577519              20294    1.5303e-19    1.9236e-32    2.6647e-39
              Nvi:gnl|Nvit1.0|Chr3:27690735                    DIRS           27680735         27701202         35577519              20468    4.3741e-11    1.9818e-32    2.7511e-39
              Nvi:gnl|Nvit1.0|Chr3:13643432                 YR_only           13633432         13653560         35577519              20129    4.7090e-04             -             -
              Nvi:gnl|Nvit1.0|Chr3:22333859                 YR_only           22323859         22343987         35577519              20129    4.7090e-04             -             -
              Nvi:gnl|Nvit1.0|Chr2:24361190              dirs1-like           24351190         24371777         41021235              20588    1.0782e-44    2.1232e-35    3.1441e-40
              Nvi:gnl|Nvit1.0|Chr2:24360973              dirs1-like           24350973         24371197         41021235              20225    1.0782e-44    1.9980e-35    2.9922e-40
              Nvi:gnl|Nvit1.0|Chr2:15190671                    DIRS           15180671         15201099         41021235              20429    2.9031e-30    1.7975e-32    9.6423e-37
              Nvi:gnl|Nvit1.0|Chr2:31559238                    DIRS           31549238         31569696         41021235              20459    1.6443e-21    5.8540e-50    1.5617e-15
              Nvi:gnl|Nvit1.0|Chr2:15190292                    DIRS           15180292         15200702         41021235              20411    1.4400e-18    1.7967e-32    9.8991e-37
              Nvi:gnl|Nvit1.0|Chr2:31558982                    DIRS           31548982         31569311         41021235              20330    2.5160e-18    6.1160e-50    1.5609e-15
               Nvi:gnl|Nvit1.0|Chr2:7318947                 YR_only            7308947          7329774         41021235              20828    3.6680e-09             -             -
              Nvi:gnl|Nvit1.0|Chr2:21502054                 YR_only           21492054         21512983         41021235              20930    1.6362e-06             -             -
              Nvi:gnl|Nvit1.0|Chr2:22597374                 YR_only           22587374         22607832         41021235              20459    2.1184e-05             -             -
-------------------------------------------------------------------------------------------------------------------------------------------------------------------------------------
Indications are structural and not phylogenetic.
Indications depend on Ugene parameters.
1. pat1-like: ==>=RT=MT=>>=>=YR=>>=.
2. kangaroo: ==>=RT=MT=>>=>=RY=>>=.
3. PAT: =>RT=MT=YR=>>=>=>>.
4. dirs1-like: =>=RT=MT=YR=<>>=<<=.
5. Ngaro or Viper: =>RT=YR=>>=>=>>=.
