YR element hits in Nve
=====================================================================================================================================================================================
Fragment(species:contig:YR_start_on_contig)    Structure_Indication    start_on_contig    end_on_contig    Contig_length    Fragment_length     YR_evalue     RT_evalue     MT_evalue
-------------------------------------------------------------------------------------------------------------------------------------------------------------------------------------
                     Nve:scaffold_101:98723                    DIRS              88723           109556           779731              20834    6.5150e-68    3.0946e-45    6.7270e-22
                     Nve:scaffold_47:525821             two_domains             515821           536654          1192782              20834    6.1833e-62             -    6.9562e-37
                     Nve:scaffold_47:404644                 YR_only             394644           415279          1192782              20636    9.3223e-23             -             -
                    Nve:scaffold_47:1123770                 YR_only            1113770          1133880          1192782              20111    8.6870e-05             -             -
                    Nve:scaffold_252:322303             two_domains             312303           333136           353439              20834    8.1853e-62             -    9.2355e-28
                    Nve:scaffold_252:265671                 YR_only             255671           276315           353439              20645    3.2382e-11             -             -
                    Nve:scaffold_252:281120                 YR_only             271120           291227           353439              20108    6.8140e-08             -             -
                     Nve:scaffold_255:72404             two_domains              62404            83249           344831              20846    1.0828e-59             -    4.6168e-34
                     Nve:scaffold_268:73463              dirs1-like              63463            84296           325201              20834    9.6351e-58    4.8131e-25    7.9623e-38
                     Nve:scaffold_55:103920                    DIRS              93920           114627          1132443              20708    4.5923e-57    6.9058e-08    3.0806e-26
                     Nve:scaffold_96:381721                    DIRS             371721           392551           814481              20831    2.5695e-55    6.1904e-28    3.8861e-08
                     Nve:scaffold_96:380645                    DIRS             370645           390887           814481              20243    1.2343e-22    6.7165e-28    3.9380e-08
                    Nve:scaffold_202:317202                    DIRS             307202           327981           433406              20780    8.6549e-55    1.2304e-07    3.6695e-31
                    Nve:scaffold_203:172469                    DIRS             162469           183302           430073              20834    2.1453e-54    6.1225e-43    1.6921e-38
                     Nve:scaffold_87:563014                    DIRS             553014           573676           842941              20663    3.1329e-54    3.6337e-39    9.3463e-35
                     Nve:scaffold_87:562838                    DIRS             552838           573017           842941              20180    3.1329e-54    3.3706e-39    1.1662e-34
                     Nve:scaffold_87:554232             two_domains             544232           564681           842941              20450    4.3995e-47             -    2.9456e-33
                     Nve:scaffold_87:554881        domains_inverted             544881           565060           842941              20180    4.3995e-47    2.2100e-12    2.8239e-33
                     Nve:scaffold_87:554753             two_domains             544753           564884           842941              20132    4.3995e-47             -    2.8472e-33
                     Nve:scaffold_45:212630              dirs1-like             202630           223343          1213267              20714    7.2060e-54    2.0283e-37    2.3258e-30
                     Nve:scaffold_441:37702                    DIRS              27702            48466           157224              20765    1.4987e-53    1.0935e-24    4.0084e-06
                     Nve:scaffold_441:39083                    DIRS              29083            49571           157224              20489    1.7203e-27    1.0036e-24    4.0048e-06
                     Nve:scaffold_441:38772                    DIRS              28772            49293           157224              20522    2.4312e-26    1.0264e-24    4.0053e-06
                      Nve:scaffold_29:27326                    DIRS              17326            38165          1506508              20840    2.5115e-53    4.7016e-51    4.6194e-34
                     Nve:scaffold_29:938289             two_domains             928289           949026          1506508              20738    1.2358e-23    3.0767e-07             -
                     Nve:scaffold_29:409504             two_domains             399504           419887          1506508              20384    4.1306e-12    2.3506e-33             -
                     Nve:scaffold_29:409887             two_domains             399887           419973          1506508              20087    4.1306e-12    2.2921e-33             -
                     Nve:scaffold_29:997043                 YR_only             987043          1007240          1506508              20198    3.4813e-03             -             -
                     Nve:scaffold_29:997284                 YR_only             987284          1007385          1506508              20102    3.4813e-03             -             -
                     Nve:scaffold_83:716856                    DIRS             706856           727161           859110              20306    9.8913e-53    2.5784e-44    1.1722e-15
                     Nve:scaffold_83:717169                    DIRS             707169           727654           859110              20486    9.8913e-53    2.7618e-44    1.1873e-15
                     Nve:scaffold_83:296806                    DIRS             286806           307153           859110              20348    3.8638e-22    2.0156e-30    1.6278e-38
                     Nve:scaffold_83:846466             two_domains             836466           857044           859110              20579    1.2142e-21    9.6070e-28             -
                     Nve:scaffold_83:296276                    DIRS             286276           306821           859110              20546    5.5749e-14    2.0143e-30    1.6991e-38
                     Nve:scaffold_83:219900                 YR_only             209900           230202           859110              20303    1.2974e-12             -             -
                     Nve:scaffold_579:84786                 YR_only              74786            85878            85878              11093    1.9831e-52             -             -
                    Nve:scaffold_106:164351             two_domains             154351           175130           719191              20780    1.0938e-50             -    1.3571e-11
                    Nve:scaffold_106:208800                    DIRS             198800           219345           719191              20546    9.6484e-50    2.1873e-06    1.8903e-23
                    Nve:scaffold_106:208516             two_domains             198516           218800           719191              20285    9.6484e-50             -    1.7784e-23
                    Nve:scaffold_106:229019             two_domains             219019           239681           719191              20663    3.1171e-34    3.3736e-36             -
                    Nve:scaffold_106:229677             two_domains             219677           239874           719191              20198    3.1171e-34    3.4272e-36             -
                    Nve:scaffold_163:445216             two_domains             435216           456046           532231              20831    2.8983e-49    4.8509e-06             -
                    Nve:scaffold_163:437057             two_domains             427057           447278           532231              20222    1.7403e-15    3.3460e-06             -
                    Nve:scaffold_163:437278             two_domains             427278           447595           532231              20318    1.7403e-15    3.5400e-06             -
                    Nve:scaffold_163:463217                 YR_only             453217           473438           532231              20222    1.4902e-09             -             -
                    Nve:scaffold_272:109938                    DIRS              99938           120447           312431              20510    8.1261e-49    1.1468e-37    6.7025e-28
                    Nve:scaffold_272:109618                    DIRS              99618           119905           312431              20288    8.1261e-49    1.1776e-37    6.8064e-28
                    Nve:scaffold_272:223259             two_domains             213259           233954           312431              20696    1.6438e-29    9.3310e-30             -
                      Nve:scaffold_191:6367                    DIRS                  1            17095           454807              17095    1.0424e-48    7.5013e-30    1.4148e-16
                      Nve:scaffold_191:1408                    DIRS                  1            11578           454807              11578    9.0186e-06    7.5478e-30    1.0267e-16
                     Nve:scaffold_319:47126              dirs1-like              37126            57914           260895              20789    1.2195e-48    7.2709e-03    2.0871e-35
                     Nve:scaffold_65:464845             two_domains             454845           475594          1027616              20750    1.4129e-48             -    1.4792e-37
                      Nve:scaffold_6:370838              dirs1-like             360838           381158          2383264              20321    2.3030e-48    9.0335e-31    2.6409e-37
                      Nve:scaffold_6:371245              dirs1-like             361245           381670          2383264              20426    2.3030e-48    9.5400e-31    2.7478e-37
                     Nve:scaffold_6:1369923                 YR_only            1359923          1380126          2383264              20204    9.1469e-08             -             -
                     Nve:scaffold_6:1371436                 YR_only            1361436          1381597          2383264              20162    7.7774e-03             -             -
                      Nve:scaffold_9:467136             two_domains             457136           477813          2113454              20678    4.2670e-47             -    1.1171e-35
                      Nve:scaffold_9:466990             two_domains             456990           477130          2113454              20141    4.2670e-47             -    1.1282e-35
                     Nve:scaffold_352:26158                    DIRS              16158            36949           214586              20792    7.5269e-47    1.2829e-21    2.2837e-29
                    Nve:scaffold_142:174360                    DIRS             164360           184968           538832              20609    1.6167e-46    3.3711e-34    1.3211e-34
                    Nve:scaffold_142:174128                    DIRS             164128           184379           538832              20252    1.6167e-46    3.4384e-34    1.3409e-34
                     Nve:scaffold_216:19735             two_domains               9735            30292           413736              20558    2.1434e-46             -    4.4559e-36
                     Nve:scaffold_216:20279             two_domains              10279            30572           413736              20294    2.1434e-46             -    4.2823e-36
                      Nve:scaffold_4:317396                    DIRS             307396           328235          2783716              20840    5.1541e-45    1.2276e-45    5.6266e-40
                     Nve:scaffold_4:2390209             two_domains            2380209          2400355          2783716              20147    1.7878e-13    3.9977e-33             -
                     Nve:scaffold_4:2390397             two_domains            2380397          2400771          2783716              20375    1.7878e-13    4.1301e-33             -
                      Nve:scaffold_4:855200                    DIRS             845200           865307          2783716              20108    2.6047e-03    3.4619e-20    2.1354e-06
                      Nve:scaffold_4:855402                    DIRS             845402           865530          2783716              20129    2.6047e-03    3.5015e-20    2.1415e-06
                     Nve:scaffold_278:65040                    DIRS              55040            75675           308203              20636    7.5641e-43    1.2648e-32    2.2571e-30
                     Nve:scaffold_278:64837                    DIRS              54837            74959           308203              20123    7.5641e-43    1.3214e-32    2.2999e-30
                     Nve:scaffold_278:64961                    DIRS              54961            75005           308203              20045    7.5641e-43    1.2847e-32    2.2760e-30
                     Nve:scaffold_2213:2213                    DIRS                  1            12857            14703              12857    7.8950e-43    5.9406e-48    4.7075e-32
                     Nve:scaffold_2213:2889                    DIRS                  1            13050            14703              13050    7.8950e-43    6.1330e-48    4.7626e-32
                     Nve:scaffold_27:500158             two_domains             490158           511012          1580678              20855    1.1955e-42    6.2087e-05             -
                    Nve:scaffold_27:1348426             two_domains            1338426          1359220          1580678              20795    1.8292e-28    6.6591e-23             -
                     Nve:scaffold_27:457328             two_domains             447328           467582          1580678              20255    2.3265e-13    5.7875e-35             -
                     Nve:scaffold_27:550756             two_domains             540756           561010          1580678              20255    1.3063e-12    3.6919e-34             -
                    Nve:scaffold_27:1484364                 YR_only            1474364          1494609          1580678              20246    7.8803e-11             -             -
                    Nve:scaffold_27:1403900                 YR_only            1393900          1414277          1580678              20378    3.6629e-09             -             -
                    Nve:scaffold_27:1405582                 YR_only            1395582          1415959          1580678              20378    3.8875e-07             -             -
                    Nve:scaffold_27:1351218             two_domains            1341218          1361319          1580678              20102    2.1157e-05    6.1124e-23             -
                    Nve:scaffold_27:1335566                 YR_only            1325566          1345661          1580678              20096    1.0924e-03             -             -
                    Nve:scaffold_1600:23392                 YR_only              13392            24018            24018              10627    3.9306e-42             -             -
                     Nve:scaffold_68:239664                    DIRS             229664           250494           985182              20831    1.8112e-41    7.0257e-10    1.5382e-35
                      Nve:scaffold_68:69887                    DIRS              59887            80648           985182              20762    6.9464e-22    7.6646e-27    7.9512e-25
                      Nve:scaffold_68:65748                    DIRS              55748            76410           985182              20663    5.9445e-15    7.4518e-27    5.5715e-25
                      Nve:scaffold_68:66447        domains_inverted              56447            76902           985182              20456    5.6153e-14    7.5077e-27    5.9823e-25
                      Nve:scaffold_68:50973             two_domains              40973            61143           985182              20171    1.1859e-08    5.3772e-14             -
                     Nve:scaffold_62:364802             two_domains             354802           375659          1036592              20858    4.4330e-41    1.9072e-26             -
                     Nve:scaffold_90:775468                    DIRS             765468           786157           829315              20690    6.0547e-41    5.2071e-37    1.1813e-05
                     Nve:scaffold_90:479465          viper_or_Ngaro             469465           490319           829315              20855    1.6729e-39    1.0918e-39             -
                     Nve:scaffold_90:589722                    DIRS             579722           600252           829315              20531    2.5301e-35    9.4545e-43    6.9113e-17
                     Nve:scaffold_90:661075             two_domains             651075           671836           829315              20762    2.1078e-25    1.1257e-05             -
                     Nve:scaffold_90:590194                    DIRS             580194           600553           829315              20360    6.1975e-19    9.5325e-43    6.9076e-17
                     Nve:scaffold_90:800446                 YR_only             790446           810742           829315              20297    1.6648e-15             -             -
                     Nve:scaffold_90:800840                 YR_only             790840           810986           829315              20147    1.6648e-15             -             -
                     Nve:scaffold_90:501161                 YR_only             491161           511661           829315              20501    4.2321e-14             -             -
                     Nve:scaffold_73:106087                 YR_only              96087           116941           943954              20855    7.7612e-41             -             -
                    Nve:scaffold_249:190401             two_domains             180401           201240           355889              20840    1.2244e-39    3.9473e-24             -
                     Nve:scaffold_249:67349                 YR_only              57349            77900           355889              20552    3.6171e-26             -             -
                     Nve:scaffold_249:11186             two_domains               1186            21488           355889              20303    2.6730e-04    9.3773e-30             -
                     Nve:scaffold_696:20747             two_domains              10747            31598            60210              20852    3.5328e-39    8.0856e-29             -
                     Nve:scaffold_78:337752          viper_or_Ngaro             327752           348594           925857              20843    5.5259e-39    2.3950e-23             -
                     Nve:scaffold_7949:3137                 YR_only                  1             4169             4169               4169    1.0648e-38             -             -
                     Nve:scaffold_2826:6532             two_domains                  1            12585            12585              12585    3.3889e-38    3.9846e-41             -
                     Nve:scaffold_2826:6212             two_domains                  1            12585            12585              12585    2.1518e-19    3.9846e-41             -
                      Nve:scaffold_72:84592             two_domains              74592            95431           922574              20840    4.5341e-38    5.7371e-19             -
                      Nve:scaffold_72:86125             two_domains              76125            96916           922574              20792    6.9455e-30    5.3899e-19             -
                     Nve:scaffold_72:639708             two_domains             629708           650103           922574              20396    8.0933e-20    4.8701e-13             -
                     Nve:scaffold_72:640139             two_domains             630139           650489           922574              20351    8.0933e-20    4.8477e-13             -
                     Nve:scaffold_89:661566             two_domains             651566           672192           855468              20627    6.0655e-38             -    3.8581e-42
                     Nve:scaffold_70:313357             two_domains             303357           324211           965299              20855    8.3426e-38    8.6720e-04             -
                     Nve:scaffold_70:527643             two_domains             517643           537819           965299              20177    2.7582e-32    1.2226e-29             -
                     Nve:scaffold_70:528166             two_domains             518166           538489           965299              20324    2.7582e-32    1.2769e-29             -
                     Nve:scaffold_70:527831             two_domains             517831           538154           965299              20324    2.7582e-32    1.2506e-29             -
                     Nve:scaffold_70:150745                 YR_only             140745           161254           965299              20510    2.4174e-11             -             -
                    Nve:scaffold_107:114222                    DIRS             104222           124692           708379              20471    3.2426e-37    3.7212e-03    1.6371e-34
                    Nve:scaffold_107:114037                    DIRS             104037           124228           708379              20192    3.2426e-37    3.6821e-03    1.2010e-34
                    Nve:scaffold_107:228718             two_domains             218718           239254           708379              20537    4.6518e-27    4.5437e-36             -
                    Nve:scaffold_107:199953                    DIRS             189953           210267           708379              20315    5.4925e-26    1.6323e-40    1.1275e-35
                    Nve:scaffold_107:199604                    DIRS             189604           209939           708379              20336    5.4925e-26    1.5720e-40    1.1021e-35
                    Nve:scaffold_107:235462             two_domains             225462           245671           708379              20210    1.0369e-14    6.1646e-36             -
                    Nve:scaffold_107:229202             two_domains             219202           239579           708379              20378    8.8300e-09    4.6698e-36             -
                     Nve:scaffold_539:38949                    DIRS              28949            49488           106939              20540    4.6957e-37    3.5788e-31    9.3279e-29
                     Nve:scaffold_539:39440                    DIRS              29440            49763           106939              20324    1.3339e-14    2.8681e-31    9.3250e-29
                     Nve:scaffold_311:71275             two_domains              61275            82120           261725              20846    6.4371e-37    1.9455e-05             -
                     Nve:scaffold_311:79893             two_domains              69893            90279           261725              20387    1.0394e-10    2.0502e-05             -
                     Nve:scaffold_387:49836             two_domains              39836            60090           195539              20255    1.1309e-36    3.5460e-34             -
                     Nve:scaffold_387:49393             two_domains              39393            59692           195539              20300    1.1309e-36    3.6595e-34             -
                     Nve:scaffold_387:49265             two_domains              39265            59384           195539              20120    1.1309e-36    3.6898e-34             -
                     Nve:scaffold_387:49679             two_domains              39679            59837           195539              20159    1.1309e-36    3.5879e-34             -
                     Nve:scaffold_387:39457             two_domains              29457            50158           195539              20702    1.9376e-25    4.8916e-34             -
                    Nve:scaffold_2056:14619             two_domains               4619            17052            17052              12434    6.7980e-36    1.7348e-29             -
                     Nve:scaffold_417:80776             two_domains              70776            91615           176913              20840    9.6364e-36    1.2748e-29             -
                    Nve:scaffold_125:550867                    DIRS             540867           561436           623316              20570    2.1439e-35    2.0459e-42    8.1239e-36
                    Nve:scaffold_125:397905             two_domains             387905           408300           623316              20396    1.4389e-20    1.9818e-23             -
                    Nve:scaffold_125:609434             two_domains             599434           619700           623316              20267    1.7339e-18    8.6593e-04             -
                     Nve:scaffold_125:34579                 YR_only              24579            44911           623316              20333    3.1087e-14             -             -
                     Nve:scaffold_125:34961                 YR_only              24961            45056           623316              20096    3.1087e-14             -             -
                     Nve:scaffold_125:34335                 YR_only              24335            44508           623316              20174    3.1087e-14             -             -
                    Nve:scaffold_125:550607                    DIRS             540607           560990           623316              20384    3.1110e-11    2.1143e-42    8.2793e-36
                    Nve:scaffold_125:607976             two_domains             597976           618179           623316              20204    2.7991e-07    8.7172e-04             -
                    Nve:scaffold_125:201992                 YR_only             191992           212087           623316              20096    7.5385e-03             -             -
                    Nve:scaffold_125:353747                 YR_only             343747           363842           623316              20096    7.5385e-03             -             -
                    Nve:scaffold_13:1470509             two_domains            1460509          1481363          1842705              20855    8.1713e-35    1.7678e-25             -
                    Nve:scaffold_13:1480866             two_domains            1470866          1491135          1842705              20270    1.3022e-13    2.2057e-25             -
                     Nve:scaffold_13:169527                 YR_only             159527           179709          1842705              20183    1.6221e-06             -             -
                      Nve:scaffold_2:570540             two_domains             560540           581055          2816097              20516    5.2051e-34             -    8.5943e-10
                      Nve:scaffold_2:571097             two_domains             561097           581387          2816097              20291    5.2051e-34             -    8.6434e-10
                     Nve:scaffold_2:1956810                 YR_only            1946810          1966905          2816097              20096    3.3567e-03             -             -
                     Nve:scaffold_49:919335                    DIRS             909335           929832          1183268              20498    1.9913e-33    1.4505e-28    2.4600e-34
                     Nve:scaffold_49:919844                    DIRS             909844           930002          1183268              20159    1.9913e-33    1.3994e-28    2.3725e-34
                     Nve:scaffold_49:919166                    DIRS             909166           929234          1183268              20069    1.9913e-33    1.4656e-28    2.4861e-34
                     Nve:scaffold_49:412763                 YR_only             402763           423581          1183268              20819    1.0726e-27             -             -
                     Nve:scaffold_49:844981                 YR_only             834981           855706          1183268              20726    6.8391e-08             -             -
                    Nve:scaffold_134:112358                    DIRS             102358           122834           618091              20477    2.0168e-33    1.2496e-34    8.9922e-17
                    Nve:scaffold_134:112017                    DIRS             102017           122217           618091              20201    2.0168e-33    1.1619e-34    9.0033e-17
                    Nve:scaffold_134:112231                    DIRS             102231           122374           618091              20144    2.0168e-33    1.1862e-34    9.0005e-17
                    Nve:scaffold_134:481755                 YR_only             471755           492060           618091              20306    2.8133e-25             -             -
                     Nve:scaffold_2481:6322                    DIRS                  1            13688            13688              13688    2.1989e-33    1.0626e-08    7.5651e-32
                     Nve:scaffold_2481:6918                    DIRS                  1            13688            13688              13688    2.1989e-33    1.0626e-08    7.5651e-32
                     Nve:scaffold_2481:6872                    DIRS                  1            13688            13688              13688    2.1989e-33    1.0626e-08    7.5651e-32
                     Nve:scaffold_2481:6191                    DIRS                  1            13688            13688              13688    1.6798e-09    1.0626e-08    7.5651e-32
                     Nve:scaffold_69:812403                 YR_only             802403           823176           979069              20774    5.6564e-33             -             -
                     Nve:scaffold_69:812345                 YR_only             802345           822410           979069              20066    5.6564e-33             -             -
                        Nve:scaffold_22:446             two_domains                  1            11054          1621999              11054    9.5070e-33             -    1.3090e-32
                     Nve:scaffold_228:32502             two_domains              22502            43341           393329              20840    1.8127e-32             -    1.2089e-20
                    Nve:scaffold_210:408074                 YR_only             398074           416993           416993              18920    4.4405e-32             -             -
                     Nve:scaffold_210:32504             two_domains              22504            42740           416993              20237    9.0593e-08    3.7404e-32             -
                     Nve:scaffold_210:32418             two_domains              22418            42504           416993              20087    9.0593e-08    3.6878e-32             -
                     Nve:scaffold_210:32839             two_domains              22839            42886           416993              20048    9.0593e-08    3.7750e-32             -
                    Nve:scaffold_210:148350                 YR_only             138350           158697           416993              20348    6.8942e-07             -             -
                    Nve:scaffold_150:507523                    DIRS             497523           518104           558438              20582    6.2704e-32    2.8538e-14    1.3050e-23
                    Nve:scaffold_150:508119                    DIRS             498119           518289           558438              20171    6.2704e-32    2.8515e-14    1.3046e-23
                    Nve:scaffold_150:479798                 YR_only             469798           490151           558438              20354    1.6933e-13             -             -
                    Nve:scaffold_150:500899                    DIRS             490899           511150           558438              20252    2.5185e-13    2.9989e-14    1.3245e-23
                    Nve:scaffold_150:501138                    DIRS             491138           511281           558438              20144    2.5185e-13    2.9934e-14    1.3238e-23
                    Nve:scaffold_150:500703                    DIRS             490703           510996           558438              20294    3.1671e-11    3.0055e-14    1.3252e-23
                     Nve:scaffold_450:77887          viper_or_Ngaro              67887            88681           147124              20795    7.5617e-32    6.2116e-05             -
                    Nve:scaffold_355:121531             two_domains             111531           132145           219718              20615    1.3658e-31    5.1829e-24             -
                    Nve:scaffold_355:122144             two_domains             112144           132356           219718              20213    1.3658e-31    5.0305e-24             -
                     Nve:scaffold_355:35425                    DIRS              25425            45535           219718              20111    2.5209e-03    2.2852e-38    3.8089e-42
                    Nve:scaffold_19:1204160                 YR_only            1194160          1214456          1645670              20297    8.5526e-31             -             -
                    Nve:scaffold_19:1204560                 YR_only            1194560          1214979          1645670              20420    8.5526e-31             -             -
                    Nve:scaffold_19:1417465                 YR_only            1407465          1427872          1645670              20408    6.5847e-09             -             -
                    Nve:scaffold_19:1451120                    DIRS            1441120          1461356          1645670              20237    8.8325e-09    2.0435e-26    1.4730e-29
                    Nve:scaffold_19:1451458                    DIRS            1441458          1461631          1645670              20174    2.8494e-08    2.0444e-26    1.4735e-29
                    Nve:scaffold_19:1120186                 YR_only            1110186          1130464          1645670              20279    2.5316e-03             -             -
                    Nve:scaffold_227:164533          viper_or_Ngaro             154533           175363           391054              20831    8.6431e-31    5.1632e-21             -
                      Nve:scaffold_7965:650                 YR_only                  1             4045             4045               4045    9.4202e-31             -             -
                     Nve:scaffold_25:556105             two_domains             546105           566893          1535120              20789    1.1839e-30    3.7812e-28             -
                     Nve:scaffold_25:485176              dirs1-like             475176           495475          1535120              20300    1.6372e-21    3.8512e-36    2.9104e-07
                     Nve:scaffold_25:485778              dirs1-like             475778           495999          1535120              20222    1.3456e-11    4.1210e-36    2.9298e-07
                     Nve:scaffold_25:623626                 YR_only             613626           634087          1535120              20462    6.8390e-08             -             -
                    Nve:scaffold_151:208001             two_domains             198001           218822           551276              20822    5.1292e-30    7.0954e-10             -
                     Nve:scaffold_51:370154                    DIRS             360154           380984          1175072              20831    5.1844e-30    6.0704e-33    1.3707e-32
                     Nve:scaffold_318:58227                     PAT              48227            69003           261655              20777    9.2899e-30    1.2637e-36    1.0873e-22
                     Nve:scaffold_318:58153                     PAT              48153            68245           261655              20093    9.2899e-30    1.1587e-36    1.0522e-22
                     Nve:scaffold_236:23667                    DIRS              13667            34161           363062              20495    4.0463e-29    2.0314e-42    6.5352e-30
                     Nve:scaffold_236:24035                    DIRS              14035            34493           363062              20459    3.3909e-27    2.1189e-42    6.6543e-30
                    Nve:scaffold_236:125204                 YR_only             115204           135770           363062              20567    4.4380e-15             -             -
                    Nve:scaffold_236:147320          viper_or_Ngaro             137320           157886           363062              20567    4.4380e-15    1.4761e-22             -
                    Nve:scaffold_236:125745                 YR_only             115745           135954           363062              20210    2.1119e-08             -             -
                    Nve:scaffold_236:147861          viper_or_Ngaro             137861           158070           363062              20210    2.1119e-08    1.3501e-22             -
                     Nve:scaffold_41:451153             two_domains             441153           461917          1253435              20765    5.5917e-29    5.2727e-08             -
                     Nve:scaffold_82:174260                    DIRS             164260           184643           864373              20384    6.8427e-29    2.7538e-06    5.0393e-09
                     Nve:scaffold_82:174658                    DIRS             164658           184843           864373              20186    6.8427e-29    2.7592e-06    5.0552e-09
                     Nve:scaffold_82:174846                    DIRS             164846           184905           864373              20060    6.8427e-29    2.7609e-06    5.0598e-09
                     Nve:scaffold_82:196782                 YR_only             186782           207126           864373              20345    1.2106e-24             -             -
                    Nve:scaffold_392:110285                 YR_only             100285           120986           191098              20702    9.5617e-29             -             -
                     Nve:scaffold_398:94094                 YR_only              84094           104933           188870              20840    1.2947e-28             -             -
                    Nve:scaffold_398:182931                 YR_only             172931           188870           188870              15940    1.1938e-22             -             -
                     Nve:scaffold_398:97184                 YR_only              87184           107645           188870              20462    2.9712e-17             -             -
                     Nve:scaffold_551:72541             two_domains              62541            73639            73639              11099    1.7592e-28    1.2513e-18             -
                     Nve:scaffold_551:65379          viper_or_Ngaro              55379            73639            73639              18261    1.7592e-28    1.2513e-18             -
                     Nve:scaffold_59:895072              dirs1-like             885072           905824          1077718              20753    2.2769e-28    1.0956e-39    1.9355e-30
                     Nve:scaffold_59:397632                    DIRS             387632           407934          1077718              20303    8.2775e-08    8.0125e-29    1.8015e-12
                      Nve:scaffold_59:13219             two_domains               3219            23422          1077718              20204    4.7013e-07    1.3397e-13             -
                    Nve:scaffold_2501:11196             two_domains               1196            13877            13877              12682    3.2010e-28    8.1026e-29             -
                    Nve:scaffold_2501:11866             two_domains               1866            13877            13877              12012    3.2010e-28    7.7702e-29             -
                    Nve:scaffold_2501:11531             two_domains               1531            13877            13877              12347    3.2010e-28    7.9415e-29             -
                    Nve:scaffold_2501:11955             two_domains               1955            13877            13877              11923    3.2010e-28    7.7221e-29             -
                     Nve:scaffold_215:82419             two_domains              72419            93258           410244              20840    7.9285e-28    8.3442e-18             -
                    Nve:scaffold_215:378594             two_domains             368594           388710           410244              20117    2.1103e-05    1.6048e-15             -
                     Nve:scaffold_80:458773             two_domains             448773           469543           902803              20771    7.9459e-28    5.3366e-03             -
                     Nve:scaffold_80:457299             two_domains             447299           467703           902803              20405    5.8527e-11    5.3691e-03             -
                     Nve:scaffold_746:16234                 YR_only               6234            26929            55850              20696    1.0849e-27             -             -
                    Nve:scaffold_42:1205738                    DIRS            1195738          1216292          1272618              20555    1.4108e-27    5.2752e-35    8.7545e-22
                    Nve:scaffold_42:1205491                    DIRS            1195491          1215658          1272618              20168    1.4108e-27    5.3883e-35    8.7631e-22
                     Nve:scaffold_7:2109261                 YR_only            2099261          2119875          2343873              20615    1.4174e-27             -             -
                      Nve:scaffold_7:414857              dirs1-like             404857           425177          2343873              20321    6.9561e-17    1.7835e-36    1.1316e-29
                      Nve:scaffold_7:415172              dirs1-like             405172           425333          2343873              20162    1.1799e-08    1.7305e-36    1.1320e-29
                     Nve:scaffold_7:2117471                 YR_only            2107471          2127698          2343873              20228    3.8007e-08             -             -
                    Nve:scaffold_36:1081629                 YR_only            1071629          1092372          1300106              20744    2.5978e-27             -             -
                     Nve:scaffold_36:150768                 YR_only             140768           161232          1300106              20465    3.7003e-16             -             -
                     Nve:scaffold_2674:1060             two_domains                  1            11614            12945              11614    2.9933e-27    1.8314e-41             -
                     Nve:scaffold_1405:4409                    DIRS                  1            14792            31910              14792    3.8338e-27    2.4495e-06    4.2082e-09
                     Nve:scaffold_1405:4209                    DIRS                  1            14394            31910              14394    3.8338e-27    2.4495e-06    4.2082e-09
                     Nve:scaffold_1405:4147                    DIRS                  1            14206            31910              14206    3.8338e-27    2.4495e-06    4.2082e-09
                     Nve:scaffold_33:567654             two_domains             557654           577983          1384588              20330    3.9700e-27    7.9307e-23             -
                     Nve:scaffold_33:567154             two_domains             557154           577573          1384588              20420    3.9700e-27    8.1198e-23             -
                     Nve:scaffold_33:749348          viper_or_Ngaro             739348           760040          1384588              20693    8.9741e-25    2.0248e-22             -
                     Nve:scaffold_33:298607                 YR_only             288607           308702          1384588              20096    1.0889e-03             -             -
                    Nve:scaffold_205:385755          viper_or_Ngaro             375755           396102           425180              20348    4.0765e-27    3.6361e-23             -
                    Nve:scaffold_205:386173          viper_or_Ngaro             376173           396574           425180              20402    4.0765e-27    3.0106e-23             -
                    Nve:scaffold_12:1137064             two_domains            1127064          1147636          1828175              20573    6.2455e-27             -    2.2103e-40
                    Nve:scaffold_12:1136843             two_domains            1126843          1147097          1828175              20255    7.0950e-24             -    2.1070e-40
                    Nve:scaffold_12:1812784             two_domains            1802784          1823215          1828175              20432    3.2020e-14             -    4.9038e-26
                    Nve:scaffold_12:1812440             two_domains            1802440          1822751          1828175              20312    3.2020e-14             -    4.7846e-26
                     Nve:scaffold_458:64754             two_domains              54754            75257           146648              20504    7.9861e-27    1.8125e-13             -
                     Nve:scaffold_8260:2913                 YR_only                  1             3507             3507               3507    1.2126e-26             -             -
                     Nve:scaffold_8260:2567                 YR_only                  1             3507             3507               3507    1.2126e-26             -             -
                     Nve:scaffold_607:13665                 YR_only               3665            24270            83252              20606    1.4229e-26             -             -
                     Nve:scaffold_3173:3245                 YR_only                  1             9901             9901               9901    1.7530e-26             -             -
                     Nve:scaffold_718:58717             two_domains              48717            59237            59237              10521    1.8809e-26             -    3.8302e-07
                     Nve:scaffold_546:80935                    DIRS              70935            91147           101152              20213    1.9980e-26    7.5041e-30    1.8158e-12
                     Nve:scaffold_546:81171                    DIRS              71171            91737           101152              20567    1.9980e-26    7.5002e-30    1.8140e-12
                     Nve:scaffold_1:2237327                    DIRS            2227327          2247791          3256212              20465    2.7248e-26    9.9218e-26    7.2152e-35
                     Nve:scaffold_1:1940460          viper_or_Ngaro            1930460          1950930          3256212              20471    3.8531e-23    3.2327e-23             -
                     Nve:scaffold_1:1941095          viper_or_Ngaro            1931095          1951292          3256212              20198    3.8531e-23    3.2840e-23             -
                     Nve:scaffold_1:1940911          viper_or_Ngaro            1930911          1951087          3256212              20177    3.8531e-23    3.2549e-23             -
                     Nve:scaffold_1:2238067                    DIRS            2228067          2248330          3256212              20264    1.0090e-17    9.9326e-26    6.8442e-35
                     Nve:scaffold_1:1681715                 YR_only            1671715          1691813          3256212              20099    2.1749e-06             -             -
                     Nve:scaffold_1:2177243                 YR_only            2167243          2187398          3256212              20156    6.2295e-04             -             -
                     Nve:scaffold_1:2966216                 YR_only            2956216          2976446          3256212              20231    7.7795e-03             -             -
                    Nve:scaffold_182:226621             two_domains             216621           237016           475249              20396    3.2774e-26    3.9826e-03             -
                    Nve:scaffold_182:226310             two_domains             216310           236597           475249              20288    3.2774e-26    3.9784e-03             -
                     Nve:scaffold_521:67941              dirs1-like              57941            78213           113794              20273    4.4410e-26    3.4720e-18    2.7221e-24
                     Nve:scaffold_521:68169              dirs1-like              58169            78465           113794              20297    3.8451e-09    3.5044e-18    2.7512e-24
                     Nve:scaffold_521:68489              dirs1-like              58489            78563           113794              20075    3.8451e-09    3.5167e-18    2.7622e-24
                     Nve:scaffold_572:57513             two_domains              47513            68172            93829              20660    1.0935e-25    9.2775e-15             -
                     Nve:scaffold_30:913157             two_domains             903157           923993          1506809              20837    1.5708e-25    6.8567e-22             -
                    Nve:scaffold_117:449766                 YR_only             439766           460449           673652              20684    3.7568e-25             -             -
                    Nve:scaffold_117:308141                 YR_only             298141           318476           673652              20336    2.5622e-10             -             -
                    Nve:scaffold_117:282065                 YR_only             272065           292208           673652              20144    4.6928e-04             -             -
                     Nve:scaffold_544:73252                    DIRS              63252            83596           105722              20345    1.0650e-24    6.2477e-28    9.4586e-29
                     Nve:scaffold_23:115226                    DIRS             105226           125900          1596662              20675    2.8067e-24    3.9589e-34    4.0297e-25
                     Nve:scaffold_23:113868                    DIRS             103868           124104          1596662              20237    1.8882e-10    4.5859e-34    4.3214e-25
                     Nve:scaffold_23:115050                    DIRS             105050           125256          1596662              20207    1.4326e-03    4.0518e-34    4.0705e-25
                    Nve:scaffold_282:290601                 YR_only             280601           301365           304494              20765    1.2233e-23             -             -
                      Nve:scaffold_8720:184                 YR_only                  1             3259             3259               3259    1.3269e-23             -             -
                     Nve:scaffold_26:602574                    DIRS             592574           612858          1571463              20285    2.3084e-23    3.8638e-32    1.4801e-21
                     Nve:scaffold_26:602861                    DIRS             592861           613217          1571463              20357    2.3084e-23    3.8617e-32    1.4793e-21
                      Nve:scaffold_6989:374                 YR_only                  1             6490             6490               6490    3.2427e-23             -             -
                        Nve:scaffold_6989:4                 YR_only                  1             6490             6490               6490    3.2427e-23             -             -
                    Nve:scaffold_246:183869                 YR_only             173869           194354           354076              20486    6.7772e-23             -             -
                    Nve:scaffold_246:183604                 YR_only             173604           193846           354076              20243    6.7772e-23             -             -
                    Nve:scaffold_246:260208          viper_or_Ngaro             250208           270585           354076              20378    1.1179e-09    5.6084e-14             -
                    Nve:scaffold_139:163055             two_domains             153055           173789           575467              20735    9.2872e-23             -    2.2411e-40
                     Nve:scaffold_139:26373             two_domains              16373            36861           575467              20489    2.6766e-04    8.1852e-05             -
                    Nve:scaffold_242:252416                    DIRS             242416           263066           362355              20651    1.4840e-22    7.5409e-30    4.1361e-29
                    Nve:scaffold_242:253150                    DIRS             243150           263248           362355              20099    1.4840e-22    7.5487e-30    3.9567e-29
                    Nve:scaffold_133:576216                    DIRS             566216           586623           616758              20408    2.9328e-22    1.7056e-16    1.5363e-35
                    Nve:scaffold_133:578122              dirs1-like             568122           588391           616758              20270    1.0827e-18    1.7123e-16    1.3027e-35
                     Nve:scaffold_490:56726                    DIRS              46726            67139           128276              20414    4.9758e-22    6.9798e-31    6.8092e-27
                     Nve:scaffold_490:51815                    DIRS              41815            62015           128276              20201    1.1968e-12    7.0144e-31    5.8309e-27
                     Nve:scaffold_490:52029                    DIRS              42029            62145           128276              20117    1.1968e-12    7.0133e-31    5.8651e-27
                     Nve:scaffold_1413:7056             two_domains                  1            17520            32103              17520    9.8525e-22    9.6419e-16             -
                    Nve:scaffold_131:307458             two_domains             297458           318324           608469              20867    1.1822e-21    2.0407e-22             -
                     Nve:scaffold_131:87451                 YR_only              77451            97726           608469              20276    1.2893e-17             -             -
                     Nve:scaffold_131:86876                 YR_only              76876            97295           608469              20420    5.4920e-12             -             -
                     Nve:scaffold_924:20096             two_domains              10096            30713            44343              20618    2.1129e-21    1.7931e-18             -
                     Nve:scaffold_924:20719             two_domains              10719            30862            44343              20144    2.1129e-21    1.7320e-18             -
                     Nve:scaffold_924:20862             two_domains              10862            30906            44343              20045    2.1129e-21    1.7166e-18             -
                       Nve:scaffold_9438:14                 YR_only                  1             2987             2987               2987    3.7200e-21             -             -
                     Nve:scaffold_4228:4130                 YR_only                  1             5838             5838               5838    1.0728e-20             -             -
                    Nve:scaffold_187:306106             two_domains             296106           316576           457786              20471    1.1756e-20    8.2707e-05             -
                    Nve:scaffold_187:306539             two_domains             296539           316961           457786              20423    1.7272e-12    8.2926e-05             -
                     Nve:scaffold_537:34203             two_domains              24203            44333            44333              20131    3.5047e-20    3.1524e-22             -
                    Nve:scaffold_416:102530             two_domains              92530           112934           172375              20405    4.9014e-20    1.5032e-22             -
                    Nve:scaffold_416:102120             two_domains              92120           112458           172375              20339    4.9014e-20    1.4706e-22             -
                        Nve:scaffold_5140:2             two_domains                  1             7079             7079               7079    5.8129e-20             -    2.0001e-14
                     Nve:scaffold_536:95113             two_domains              85113           105340           105622              20228    5.9214e-20    3.3205e-21             -
                     Nve:scaffold_536:33359             two_domains              23359            43778           105622              20420    2.9724e-12    1.0679e-15             -
                    Nve:scaffold_154:444070             two_domains             434070           454471           542344              20402    6.1772e-20    1.5270e-20             -
                    Nve:scaffold_154:443717             two_domains             433717           454019           542344              20303    6.1772e-20    1.5884e-20             -
                    Nve:scaffold_429:122392                 YR_only             112392           132787           165631              20396    1.4124e-19             -             -
                    Nve:scaffold_164:524352                 YR_only             514352           526290           526290              11939    1.5201e-19             -             -
                    Nve:scaffold_1466:10094                 YR_only                 94            20549            27995              20456    2.2224e-19             -             -
                      Nve:scaffold_8285:121                 YR_only                  1             3708             3708               3708    3.0781e-19             -             -
                    Nve:scaffold_126:538548                 YR_only             528548           549216           622705              20669    8.1824e-19             -             -
                     Nve:scaffold_123:94722              dirs1-like              84722           105291           655083              20570    8.7447e-19    3.8055e-07    4.1205e-31
                     Nve:scaffold_123:94655              dirs1-like              84655           104717           655083              20063    8.7447e-19    3.8091e-07    4.1370e-31
                     Nve:scaffold_123:95264              dirs1-like              85264           105500           655083              20237    2.5192e-15    3.7768e-07    3.9898e-31
                    Nve:scaffold_123:211681                 YR_only             201681           221776           655083              20096    1.0794e-03             -             -
                    Nve:scaffold_123:215982                 YR_only             205982           226077           655083              20096    1.0794e-03             -             -
                     Nve:scaffold_481:16531             two_domains               6531            27382           127081              20852    1.0572e-18    6.5829e-34             -
                     Nve:scaffold_481:84644                    DIRS              74644            94955           127081              20312    1.1396e-04    2.7039e-06    1.7908e-11
                     Nve:scaffold_481:14958             two_domains               4958            25086           127081              20129    1.1396e-04    5.2017e-34             -
                     Nve:scaffold_481:15371             two_domains               5371            25553           127081              20183    2.5104e-03    5.5374e-34             -
                    Nve:scaffold_104:451438                 YR_only             441438           461704           736687              20267    1.0832e-18             -             -
                    Nve:scaffold_104:623406          viper_or_Ngaro             613406           634089           736687              20684    2.3296e-12    5.4346e-17             -
                    Nve:scaffold_104:624040          viper_or_Ngaro             614040           634207           736687              20168    9.1386e-08    5.3203e-17             -
                     Nve:scaffold_1607:2670             two_domains                  1            13053            23109              13053    1.2813e-18    1.4827e-16             -
                    Nve:scaffold_308:257963             two_domains             247963           268229           271752              20267    1.8796e-18    5.3134e-35             -
                     Nve:scaffold_43:866005          viper_or_Ngaro             856005           876517          1275895              20513    1.8960e-18    4.7286e-18             -
                     Nve:scaffold_43:438878                 YR_only             428878           449090          1275895              20213    8.8421e-09             -             -
                    Nve:scaffold_456:138827             two_domains             128827           145142           145142              16316    4.8165e-18    3.9124e-35             -
                     Nve:scaffold_18236:380                 YR_only                  1             1028             1028               1028    6.1906e-18             -             -
                     Nve:scaffold_196:69484                    DIRS              59484            79846           445019              20363    9.6795e-18    2.3029e-46    2.0934e-35
                     Nve:scaffold_196:69820                    DIRS              59820            79972           445019              20153    1.5585e-08    1.9298e-46    2.0454e-35
                    Nve:scaffold_258:132770                    DIRS             122770           143195           335353              20426    9.9606e-18    1.4400e-39    4.9586e-18
                    Nve:scaffold_11:1634720             two_domains            1624720          1644986          1986761              20267    2.3216e-17    3.4560e-03             -
                    Nve:scaffold_11:1822095             two_domains            1812095          1832247          1986761              20153    2.1756e-06    1.8861e-14             -
                     Nve:scaffold_207:64552                 YR_only              54552            75391           396878              20840    2.9328e-17             -             -
                        Nve:scaffold_7435:6                 YR_only                  1             5464             5464               5464    1.0586e-16             -             -
                    Nve:scaffold_317:128463             two_domains             118463           139050           261880              20588    1.6405e-16    8.6627e-36             -
                    Nve:scaffold_317:128372             two_domains             118372           138464           261880              20093    1.6405e-16    8.2415e-36             -
                    Nve:scaffold_317:126219             two_domains             116219           136365           261880              20147    4.8660e-09    6.2261e-36             -
                     Nve:scaffold_28:840421                 YR_only             830421           850540          1546546              20120    4.5566e-16             -             -
                     Nve:scaffold_28:840943                 YR_only             830943           851218          1546546              20276    4.5566e-16             -             -
                     Nve:scaffold_28:840539                 YR_only             830539           850949          1546546              20411    4.5566e-16             -             -
                     Nve:scaffold_28:612464                    DIRS             602464           622604          1546546              20141    4.4651e-10    3.1065e-27    6.6625e-28
                     Nve:scaffold_28:612177                    DIRS             602177           622464          1546546              20288    4.4651e-10    3.1632e-27    6.7596e-28
                    Nve:scaffold_28:1415546                 YR_only            1405546          1425743          1546546              20198    8.3721e-10             -             -
                    Nve:scaffold_199:123124                 YR_only             113124           133672           437540              20549    4.6972e-16             -             -
                    Nve:scaffold_199:122993                 YR_only             112993           133067           437540              20075    4.6972e-16             -             -
                    Nve:scaffold_199:123671                 YR_only             113671           133877           437540              20207    4.6972e-16             -             -
                     Nve:scaffold_590:27414             two_domains              17414            38016            83750              20603    1.7959e-15    2.4438e-19             -
                     Nve:scaffold_3855:7577                 YR_only                  1             8790             8790               8790    2.3190e-15             -             -
                     Nve:scaffold_4390:1771             two_domains                  1             6401             6401               6401    2.8300e-15    1.4780e-23             -
                     Nve:scaffold_4390:5828             two_domains                  1             6401             6401               6401    2.8300e-15    1.4780e-23             -
                     Nve:scaffold_4390:2312             two_domains                  1             6401             6401               6401    1.6272e-08    1.4780e-23             -
                    Nve:scaffold_328:164367        domains_inverted             154367           174822           240447              20456    4.3713e-15    2.5637e-18    6.8748e-37
                    Nve:scaffold_328:171825          viper_or_Ngaro             161825           182169           240447              20345    5.7794e-15    2.9886e-18             -
                    Nve:scaffold_328:164266        domains_inverted             154266           174439           240447              20174    1.6056e-06    2.5255e-18    6.6756e-37
                    Nve:scaffold_328:164788        domains_inverted             154788           174982           240447              20195    6.6859e-06    2.5792e-18    6.9562e-37
                     Nve:scaffold_113:28070             two_domains              18070            38237           637503              20168    6.1825e-15    3.9369e-17             -
                     Nve:scaffold_113:28267             two_domains              18267            38806           637503              20540    6.1825e-15    4.0133e-17             -
                     Nve:scaffold_31:672774                    DIRS             662774           683001          1442344              20228    1.0384e-14    5.8404e-36    1.0813e-35
                     Nve:scaffold_31:672283                    DIRS             662283           682828          1442344              20546    1.2259e-06    6.1278e-36    1.1213e-35
                     Nve:scaffold_766:34160                 YR_only              24160            44378            51873              20219    2.1497e-14             -             -
                    Nve:scaffold_229:324108                 YR_only             314108           334803           382888              20696    2.4000e-14             -             -
                    Nve:scaffold_229:324005                 YR_only             314005           334106           382888              20102    2.4000e-14             -             -
                     Nve:scaffold_611:56501                 YR_only              46501            67202            79554              20702    3.0623e-14             -             -
                     Nve:scaffold_611:39352                 YR_only              29352            49996            79554              20645    4.2295e-11             -             -
                     Nve:scaffold_611:31998                 YR_only              21998            42642            79554              20645    4.2295e-11             -             -
                     Nve:scaffold_66:999378          viper_or_Ngaro             989378          1009725          1012692              20348    5.6161e-14    2.2208e-09             -
                     Nve:scaffold_156:51009                 YR_only              41009            61293           545662              20285    7.4374e-14             -             -
                    Nve:scaffold_143:110285                 YR_only             100285           120575           578374              20291    1.2941e-13             -             -
                    Nve:scaffold_291:213887                    DIRS             203887           224174           291113              20288    1.3053e-13    2.7051e-30    3.4832e-28
                    Nve:scaffold_170:367646             two_domains             357646           377930           506521              20285    1.3104e-13    1.4474e-19             -
                    Nve:scaffold_170:367182             two_domains             357182           377730           506521              20549    1.4958e-12    1.4463e-19             -
                    Nve:scaffold_170:367102             two_domains             357102           377155           506521              20054    1.4958e-12    1.4461e-19             -
                    Nve:scaffold_170:185652                 YR_only             175652           196209           506521              20558    1.3630e-06             -             -
                    Nve:scaffold_170:185324                 YR_only             175324           195545           506521              20222    1.3630e-06             -             -
                     Nve:scaffold_35:857074          viper_or_Ngaro             847074           867415          1317302              20342    1.4254e-13    2.3963e-31             -
                     Nve:scaffold_35:856988          viper_or_Ngaro             846988           867074          1317302              20087    1.4254e-13    2.3477e-31             -
                     Nve:scaffold_8570:2541                 YR_only                  1             3455             3455               3455    1.6004e-13             -             -
                     Nve:scaffold_8570:2882                 YR_only                  1             3455             3455               3455    1.6004e-13             -             -
                     Nve:scaffold_3785:3440                 YR_only                  1             9323             9323               9323    1.7609e-13             -             -
                     Nve:scaffold_3253:9826                 YR_only                  1            10007            10007              10007    1.8761e-13             -             -
                        Nve:scaffold_1834:3                 YR_only                  1            10275            19247              10275    2.0941e-13             -             -
                    Nve:scaffold_201:421212                 YR_only             411212           424286           424286              13075    2.7557e-13             -             -
                    Nve:scaffold_201:409135                 YR_only             399135           419716           424286              20582    4.6736e-08             -             -
                     Nve:scaffold_195:33767             two_domains              23767            44021           442127              20255    4.1115e-13    6.6554e-36             -
                     Nve:scaffold_2922:2224             two_domains                  1            12245            12245              12245    1.0746e-12    5.4269e-24             -
                      Nve:scaffold_9042:604             two_domains                  1             3134             3134               3134    1.3628e-12    3.4564e-31             -
                    Nve:scaffold_1190:21804                 YR_only              11804            32325            32365              20522    1.6197e-12             -             -
                    Nve:scaffold_243:145843                 YR_only             135843           156139           365242              20297    2.3082e-12             -             -
                    Nve:scaffold_243:145341                 YR_only             135341           155712           365242              20372    1.5758e-08             -             -
                     Nve:scaffold_57:111891             two_domains             101891           122349          1078803              20459    2.6978e-12    3.0962e-33             -
                     Nve:scaffold_57:111797             two_domains             101797           121883          1078803              20087    2.6978e-12    2.9908e-33             -
                     Nve:scaffold_57:111883             two_domains             101883           121918          1078803              20036    2.6978e-12    2.9992e-33             -
                     Nve:scaffold_16:917722             two_domains             907722           928024          1704687              20303    4.1773e-12    9.1606e-26             -
                     Nve:scaffold_16:123111                 YR_only             113111           133206          1704687              20096    1.0926e-03             -             -
                    Nve:scaffold_305:167912             two_domains             157912           178253           252121              20342    5.6057e-12    9.9444e-08             -
                    Nve:scaffold_305:168253             two_domains             158253           178339           252121              20087    5.6057e-12    9.9077e-08             -
                     Nve:scaffold_668:48932             two_domains              38932            59351            68392              20420    1.3042e-11    1.4178e-18             -
                     Nve:scaffold_85:255561                 YR_only             245561           265878           811768              20318    1.3393e-11             -             -
                    Nve:scaffold_145:156693             two_domains             146693           167067           561236              20375    1.3425e-11    1.0751e-03             -
                    Nve:scaffold_124:339617             two_domains             329617           350021           642898              20405    1.7995e-11    2.7982e-22             -
                    Nve:scaffold_124:340578             two_domains             330578           350850           642898              20273    5.8456e-11    2.6801e-22             -
                    Nve:scaffold_56:1019403             two_domains            1009403          1029957          1104042              20555    2.3803e-11    3.6603e-06             -
                     Nve:scaffold_503:19241                 YR_only               9241            29621           119891              20381    3.2050e-11             -             -
                    Nve:scaffold_265:225447             two_domains             215447           235788           328569              20342    9.7195e-11    6.9804e-32             -
                    Nve:scaffold_265:225788             two_domains             215788           235874           328569              20087    9.7195e-11    6.8356e-32             -
                    Nve:scaffold_340:197448             two_domains             187448           207627           239446              20180    1.2648e-10    4.4975e-26             -
                    Nve:scaffold_340:197627             two_domains             187627           207713           239446              20087    1.2648e-10    4.4985e-26             -
                     Nve:scaffold_612:46810                    DIRS              36810            57112            75212              20303    1.3497e-10    4.9566e-35    3.5441e-18
                     Nve:scaffold_3454:2833             two_domains                  1             9739             9739               9739    1.4194e-10    3.5795e-06             -
                     Nve:scaffold_3454:8430             two_domains                  1             9739             9739               9739    1.5798e-07    3.5795e-06             -
                     Nve:scaffold_3454:8422             two_domains                  1             9739             9739               9739    1.5798e-07    3.5795e-06             -
                     Nve:scaffold_1492:1733             two_domains                  1            11912            27222              11912    1.5638e-10    3.5322e-26             -
                     Nve:scaffold_513:38074                 YR_only              28074            48220           101710              20147    1.6905e-10             -             -
                     Nve:scaffold_513:38262                 YR_only              28262            48639           101710              20378    1.6905e-10             -             -
                     Nve:scaffold_491:49583                 YR_only              39583            59780           125362              20198    1.8554e-10             -             -
                      Nve:scaffold_4613:773             two_domains                  1             7059             7059               7059    1.9941e-10    2.6764e-26             -
                     Nve:scaffold_8:1768947                 YR_only            1758947          1779309          2246329              20363    4.6424e-10             -             -
                     Nve:scaffold_2636:2148                 YR_only                  1            12426            13196              12426    5.4986e-10             -             -
                      Nve:scaffold_3389:100                 YR_only                  1             9791             9791               9791    9.4751e-10             -             -
                     Nve:scaffold_21:647913                 YR_only             637913           658386          1617515              20474    1.1247e-09             -             -
                     Nve:scaffold_1814:5747                    DIRS                  1            16037            19568              16037    1.3663e-09    1.5377e-05    9.0939e-10
                     Nve:scaffold_547:79891                    DIRS              69891            90568           104713              20678    1.9959e-09    5.3786e-14    6.3812e-10
                      Nve:scaffold_10050:60                 YR_only                  1             2641             2641               2641    2.7822e-09             -             -
                    Nve:scaffold_435:118239             two_domains             108239           128547           162862              20309    6.4300e-09             -    1.2239e-06
                    Nve:scaffold_435:106676             two_domains              96676           116984           162862              20309    6.4300e-09             -    1.2239e-06
                    Nve:scaffold_180:282611                 YR_only             272611           293129           473587              20519    6.5514e-09             -             -
                    Nve:scaffold_152:257716             two_domains             247716           268105           547320              20390    6.5650e-09             -    1.5061e-06
                     Nve:scaffold_71:449663                 YR_only             439663           460163           968714              20501    8.8322e-09             -             -
                     Nve:scaffold_48:548888             two_domains             538888           559265          1166239              20378    8.8363e-09    5.3691e-03             -
                    Nve:scaffold_17:1546645                    DIRS            1536645          1556911          1671248              20267    8.8495e-09    2.4859e-27    6.2984e-32
                    Nve:scaffold_17:1547274                    DIRS            1537274          1557519          1671248              20246    7.7805e-03    2.4881e-27    6.0337e-32
                     Nve:scaffold_58:358264             two_domains             348264           368473          1068422              20210    2.1289e-08    3.9415e-15             -
                    Nve:scaffold_38:1181903          viper_or_Ngaro            1171903          1192280          1269438              20378    2.8539e-08    1.9122e-04             -
                    Nve:scaffold_186:454986                    DIRS             444986           465462           468191              20477    5.1037e-08    3.8811e-18    1.8058e-11
                    Nve:scaffold_2297:12133             two_domains               2133            14316            14316              12184    6.1320e-08             -    1.2239e-06
                     Nve:scaffold_737:15681                 YR_only               5681            26070            57041              20390    8.4061e-08             -             -
                    Nve:scaffold_1185:18654             two_domains               8654            28818            33806              20165    1.4951e-07    1.3838e-15             -
                     Nve:scaffold_79:601547             two_domains             591547           611717           904321              20171    1.6319e-07    1.1965e-20             -
                     Nve:scaffold_79:598173             two_domains             588173           608463           904321              20291    1.1504e-04    1.4716e-20             -
                     Nve:scaffold_79:598762             two_domains             588762           608881           904321              20120    8.2405e-04    1.4364e-20             -
                    Nve:scaffold_2340:10150             two_domains                150            14581            14581              14432    2.5688e-07    6.5067e-15             -
                    Nve:scaffold_181:180515                 YR_only             170515           190577           477772              20063    3.2235e-07             -             -
                    Nve:scaffold_181:180678                 YR_only             170678           190869           477772              20192    3.2235e-07             -             -
                    Nve:scaffold_181:180589                 YR_only             170589           190639           477772              20051    3.2235e-07             -             -
                     Nve:scaffold_381:55713             two_domains              45713            65982           195978              20270    3.7933e-07    2.9266e-23             -
                       Nve:scaffold_1477:17             two_domains                  1            10376            26484              10376    1.1596e-06    1.2473e-17             -
                      Nve:scaffold_1477:391             two_domains                  1            10438            26484              10438    1.1596e-06    1.2471e-17             -
                    Nve:scaffold_1004:31772                 YR_only              21772            36805            36805              15034    1.1764e-06             -             -
                    Nve:scaffold_119:554731                 YR_only             544731           564874           668776              20144    1.2253e-06             -             -
                      Nve:scaffold_50:94690                 YR_only              84690           104881          1172175              20192    1.6299e-06             -             -
                     Nve:scaffold_50:394459                 YR_only             384459           405070          1172175              20612    3.5428e-04             -             -
                    Nve:scaffold_184:305063             two_domains             295063           315185           462135              20123    1.7746e-06    1.4346e-34             -
                    Nve:scaffold_184:305173             two_domains             295173           315253           462135              20081    1.7746e-06    1.4228e-34             -
                    Nve:scaffold_1056:12118                    DIRS               2118            22285            38074              20168    1.9607e-06    3.3360e-16    1.3386e-34
                      Nve:scaffold_2350:950             two_domains                  1            11354            14757              11354    1.9661e-06    6.8567e-22             -
                    Nve:scaffold_323:183764                    DIRS             173764           194219           261653              20456    3.8237e-06    6.6862e-04    6.8495e-07
                     Nve:scaffold_110:18045             two_domains               8045            28356           684940              20312    9.0275e-06             -    1.3294e-11
                    Nve:scaffold_2120:13309             two_domains               3309            16512            16512              13204    1.0959e-05    5.7709e-12             -
                     Nve:scaffold_2561:8696                 YR_only                  1            12337            12337              12337    1.6123e-05             -             -
                    Nve:scaffold_1491:12765                 YR_only               2765            22866            24064              20102    1.9011e-05             -             -
                     Nve:scaffold_3220:7724             two_domains                  1            10847            10847              10847    2.0770e-05    8.2680e-05             -
                      Nve:scaffold_24:11932          viper_or_Ngaro               1932            22600          1601005              20669    1.0495e-04    5.9529e-16             -
                     Nve:scaffold_2771:5183             two_domains                  1            12954            12954              12954    1.2674e-04    7.9209e-24             -
                     Nve:scaffold_15:813469                 YR_only             803469           824260          1710382              20792    2.6791e-04             -             -
                     Nve:scaffold_1430:6344                 YR_only                  1            16439            23382              16439    2.6860e-04             -             -
                     Nve:scaffold_1430:6436                 YR_only                  1            16492            23382              16492    2.6860e-04             -             -
                     Nve:scaffold_360:66726                 YR_only              56726            77094           223823              20369    3.5257e-04             -             -
                     Nve:scaffold_290:79416             two_domains              69416            89727           298048              20312    4.6349e-04             -    1.4411e-10
                    Nve:scaffold_129:510417             two_domains             500417           520530           610570              20114    4.6495e-04    6.0346e-14             -
                     Nve:scaffold_34:876349                    DIRS             866349           886642          1292743              20294    4.7012e-04    1.2823e-13    1.5344e-09
                     Nve:scaffold_665:17903             two_domains               7903            28019            65712              20117    5.8446e-04    1.0634e-20             -
                     Nve:scaffold_943:28953                 YR_only              18953            39087            44441              20135    5.9833e-04             -             -
                     Nve:scaffold_2053:3933                 YR_only                  1            14028            17613              14028    1.0075e-03             -             -
                     Nve:scaffold_565:25419                 YR_only              15419            35514            94836              20096    1.0443e-03             -             -
                    Nve:scaffold_239:226460             two_domains             216460           236633           357850              20174    1.4400e-03    5.7993e-27             -
                     Nve:scaffold_245:28312             two_domains              18312            38410           358628              20099    1.9097e-03    6.2654e-03             -
                    Nve:scaffold_279:136466                 YR_only             126466           146867           290595              20402    3.3297e-03             -             -
                    Nve:scaffold_122:374332                 YR_only             364332           384421           655717              20090    3.3480e-03             -             -
                    Nve:scaffold_2306:14427                 YR_only               4427            14771            14771              10345    4.0882e-03             -             -
                     Nve:scaffold_5753:5912                 YR_only                  1             6838             6838               6838    6.4583e-03             -             -
                    Nve:scaffold_443:122894                 YR_only             112894           130381           130381              17488    6.4739e-03             -             -
                    Nve:scaffold_443:123051                 YR_only             113051           130381           130381              17331    6.4739e-03             -             -
                     Nve:scaffold_1060:4260                 YR_only                  1            14355            38985              14355    7.5400e-03             -             -
-------------------------------------------------------------------------------------------------------------------------------------------------------------------------------------
Indications are structural and not phylogenetic.
Indications depend on Ugene parameters.
1. pat1-like: ==>=RT=MT=>>=>=YR=>>=.
2. kangaroo: ==>=RT=MT=>>=>=RY=>>=.
3. PAT: =>RT=MT=YR=>>=>=>>.
4. dirs1-like: =>=RT=MT=YR=<>>=<<=.
5. Ngaro or Viper: =>RT=YR=>>=>=>>=.
