YR element hits in Acal
=====================================================================================================================================================================================
Fragment(species:contig:YR_start_on_contig)    Structure_Indication    start_on_contig    end_on_contig    Contig_length    Fragment_length     YR_evalue     RT_evalue     MT_evalue
-------------------------------------------------------------------------------------------------------------------------------------------------------------------------------------
                   Acal:scaffold01123:80707              dirs1-like              70707            91555           188946              20849    1.7113e-60    1.4695e-40    5.2396e-38
                  Acal:scaffold00313:190169                    DIRS             180169           201011           879740              20843    2.4123e-60    5.0853e-40    2.5528e-35
                  Acal:scaffold00311:447305              dirs1-like             437305           458147           863588              20843    2.4767e-60    2.8581e-38    2.5528e-35
                 Acal:scaffold00021:1689286              dirs1-like            1679286          1700128          2618017              20843    2.5070e-60    1.5381e-38    3.6847e-31
                   Acal:scaffold00382:64957             two_domains              54957            75802           765845              20846    2.9755e-60             -    1.2804e-13
                 Acal:scaffold00126:1188833              dirs1-like            1178833          1199678          1484008              20846    6.1341e-60    1.0239e-42    1.4193e-33
                    Acal:scaffold02232:7523              dirs1-like                  1            12533            12533              12533    4.2080e-59    7.9943e-42    1.1554e-33
                   Acal:scaffold00991:69583                    DIRS              59583            80428           261386              20846    1.1745e-58    6.6020e-42    2.7240e-22
                  Acal:scaffold00483:299467              dirs1-like             289467           310312           626083              20846    3.6104e-55    1.6018e-28    4.5215e-12
                  Acal:scaffold00055:754550                    DIRS             744550           765041          2069481              20492    6.0078e-54    4.9545e-45    3.3936e-35
                  Acal:scaffold00055:755049                    DIRS             745049           765399          2069481              20351    6.0078e-54    5.2083e-45    3.4760e-35
                  Acal:scaffold00359:111434                    DIRS             101434           122276           810583              20843    1.8080e-53    9.3963e-16    8.0546e-30
                 Acal:scaffold00006:3438999                    DIRS            3428999          3449616          3590776              20618    2.2222e-50    3.1057e-26    3.2558e-28
                 Acal:scaffold00006:3439615                    DIRS            3429615          3449827          3590776              20213    2.2222e-50    3.1085e-26    3.1565e-28
                 Acal:scaffold00006:2459441                 YR_only            2449441          2469686          3590776              20246    4.2484e-07             -             -
                  Acal:scaffold00395:691502              dirs1-like             681502           702341           750849              20840    4.1899e-47    6.6092e-19    4.3307e-23
                 Acal:scaffold00165:1133598                 YR_only            1123598          1144209          1328876              20612    1.7559e-44             -             -
                 Acal:scaffold00149:1066000                 YR_only            1056000          1076620          1389599              20621    1.3874e-41             -             -
                  Acal:scaffold00228:579593                    DIRS             569593           589955          1076835              20363    1.1856e-38    1.3945e-30    1.6329e-32
                  Acal:scaffold00228:579207                    DIRS             569207           589581          1076835              20375    1.1856e-38    1.3938e-30    1.6716e-32
                   Acal:scaffold00923:64468                    DIRS              54468            75322           297898              20855    2.1427e-37    1.3156e-24    4.5217e-12
                  Acal:scaffold00578:459809                    DIRS             449809           470552           520110              20744    1.3195e-36    2.4627e-33    4.3443e-27
                  Acal:scaffold00064:563837              dirs1-like             553837           574466          2010342              20630    2.4517e-29    8.6093e-37    1.0427e-12
                  Acal:scaffold00064:564408              dirs1-like             554408           574680          2010342              20273    5.6481e-21    8.1506e-37    1.0305e-12
                  Acal:scaffold00354:452499             two_domains             442499           463305           794421              20807    1.9453e-28             -    4.4287e-28
                  Acal:scaffold00120:830633             two_domains             820633           841247          1503723              20615    1.5437e-27             -    9.4921e-29
                  Acal:scaffold00120:830352             two_domains             820352           840633          1503723              20282    1.3827e-16             -    9.1953e-29
                  Acal:scaffold00698:376559                    DIRS             366559           386894           408090              20336    1.4089e-26    5.8887e-28    7.4166e-34
                  Acal:scaffold00698:376855                    DIRS             366855           387391           408090              20537    2.4077e-12    6.0742e-28    7.6540e-34
                 Acal:scaffold00079:1622651                    DIRS            1612651          1633046          1780953              20396    9.5041e-26    6.1466e-14    1.3806e-33
                  Acal:scaffold00569:184135                    DIRS             174135           194671           551805              20537    3.2647e-24    1.0360e-14    7.1392e-25
                  Acal:scaffold00569:183891                    DIRS             173891           194130           551805              20240    3.2647e-24    1.0789e-22    6.9788e-25
                  Acal:scaffold00323:848782             two_domains             838782           852572           852572              13791    1.3466e-23             -    1.5319e-18
                  Acal:scaffold00936:253904                    DIRS             243904           264626           269756              20723    1.3046e-22    1.7632e-28    3.8523e-25
                  Acal:scaffold00936:253836                    DIRS             243836           263883           269756              20048    1.3046e-22    1.7699e-28    3.8621e-25
                  Acal:scaffold00711:361476                    DIRS             351476           372198           444072              20723    5.4876e-22    7.2011e-21    2.6967e-04
                  Acal:scaffold00711:362322                    DIRS             352322           372552           444072              20231    4.6923e-03    7.1966e-21    2.7016e-04
                  Acal:scaffold00711:362527                    DIRS             352527           372577           444072              20051    4.6923e-03    7.1963e-21    2.7019e-04
                  Acal:scaffold00219:568225                    DIRS             558225           579064          1098450              20840    5.6456e-21    1.2405e-28    8.3359e-24
                  Acal:scaffold00556:362888                 YR_only             352888           373424           538344              20537    1.2631e-19             -             -
                  Acal:scaffold00296:531549                    DIRS             521549           542319           917351              20771    9.1811e-19    2.0694e-27    7.1291e-19
                   Acal:scaffold00761:46867             two_domains              36867            57418           375990              20552    1.2105e-18             -    3.0082e-20
                 Acal:scaffold00001:4060070             two_domains            4050070          4070798          6102535              20729    1.1410e-17             -    2.1359e-03
                    Acal:scaffold01137:9833                 YR_only                  1            20018           182385              20018    3.3340e-16             -             -
                    Acal:scaffold01137:9738                 YR_only                  1            19836           182385              19836    3.3340e-16             -             -
                 Acal:scaffold00167:1176665                 YR_only            1166665          1186970          1297480              20306    2.6589e-14             -             -
                  Acal:scaffold00502:476365                    DIRS             466365           486820           597156              20456    2.6963e-14    7.2672e-10    3.7167e-21
                  Acal:scaffold00502:475457                    DIRS             465457           485885           597156              20429    1.5221e-10    7.4017e-10    3.8403e-21
                 Acal:scaffold00178:1185650                    DIRS            1175650          1196204          1267371              20555    4.4471e-13    7.7580e-34    1.2913e-28
                   Acal:scaffold01286:57799             two_domains              47799            68644           135609              20846    7.8914e-12             -    1.5403e-23
                  Acal:scaffold00356:557955                    DIRS             547955           568818           796856              20864    6.2910e-11    7.2719e-33    6.0993e-11
                 Acal:scaffold00050:1636155             two_domains            1626155          1646637          2092627              20483    1.4280e-10             -    1.9477e-31
                 Acal:scaffold00050:1636757             two_domains            1626757          1646960          2092627              20204    1.4280e-10             -    1.9837e-31
                  Acal:scaffold00273:442348                    DIRS             432348           452713           963871              20366    2.2967e-08    3.5307e-28    1.9342e-33
                  Acal:scaffold00625:106282             two_domains              96282           116425           466204              20144    4.1957e-07    6.2889e-26             -
                  Acal:scaffold00989:187942                 YR_only             177942           198628           239564              20687    9.8429e-07             -             -
                   Acal:scaffold01334:51903                    DIRS              41903            62475           115272              20573    1.7325e-05    4.4480e-26    1.2714e-18
                   Acal:scaffold01513:41419             two_domains              31419            51892            96752              20474    4.0491e-05    1.2628e-18             -
                  Acal:scaffold01131:128182             two_domains             118182           138721           199112              20540    4.1049e-05             -    1.1403e-04
                  Acal:scaffold00139:967534                 YR_only             957534           977686          1528642              20153    1.2831e-04             -             -
                 Acal:scaffold00084:1529178                 YR_only            1519178          1539531          1703158              20354    5.2265e-04             -             -
                 Acal:scaffold00071:1631911                 YR_only            1621911          1642015          1880821              20105    2.0749e-03             -             -
                 Acal:scaffold00071:1632042                 YR_only            1622042          1642230          1880821              20189    2.0749e-03             -             -
                   Acal:scaffold01468:44897                 YR_only              34897            55289            84324              20393    2.0825e-03             -             -
-------------------------------------------------------------------------------------------------------------------------------------------------------------------------------------
Indications are structural and not phylogenetic.
Indications depend on Ugene parameters.
1. pat1-like: ==>=RT=MT=>>=>=YR=>>=.
2. kangaroo: ==>=RT=MT=>>=>=RY=>>=.
3. PAT: =>RT=MT=YR=>>=>=>>.
4. dirs1-like: =>=RT=MT=YR=<>>=<<=.
5. Ngaro or Viper: =>RT=YR=>>=>=>>=.
