YR element hits in RET
=====================================================================================================================================================================================
Fragment(species:contig:YR_start_on_contig)    Structure_Indication    start_on_contig    end_on_contig    Contig_length    Fragment_length     YR_evalue     RT_evalue     MT_evalue
-------------------------------------------------------------------------------------------------------------------------------------------------------------------------------------
                           RET:SpDirs3:3651              dirs1-like                  1             5017             5017               5017    1.1623e-84    1.1636e-49    5.4692e-48
                           RET:SpDirs1:3649              dirs1-like                  1             5174             5174               5174    3.6124e-83    2.2515e-50    3.4189e-49
                           RET:SpDirs4:3697              dirs1-like                  1             5005             5005               5005    5.4844e-81    1.2253e-49    3.6590e-47
                           RET:SpDirs2:4729                    DIRS                  1             6403             6403               6403    8.3414e-78    1.8278e-49    3.3711e-48
                           RET:TcDirs1:3616              dirs1-like                  1             5000             5000               5000    1.7093e-72    4.2836e-51    3.0534e-45
                          RET:SpNgrao1:3406             two_domains                  1             7888             7888               7888    2.7275e-66    5.1373e-41             -
                          RET:SpNgrao2:3278             two_domains                  1             4500             4500               4500    6.3741e-63    1.6727e-40             -
                           RET:RoDirs1:3186              dirs1-like                  1             4516             4516               4516    2.0928e-56    2.4300e-48    8.5383e-38
                            RET:SpPat1:3157                    DIRS                  1             5256             5256               5256    5.8698e-49    1.9003e-48    2.4630e-39
                        RET:CryptonCn1:1358                 YR_only                  1             4004             4004               4004    2.0882e-07             -             -
-------------------------------------------------------------------------------------------------------------------------------------------------------------------------------------
Indications are structural and not phylogenetic.
Indications depend on Ugene parameters.
1. pat1-like: ==>=RT=MT=>>=>=YR=>>=.
2. kangaroo: ==>=RT=MT=>>=>=RY=>>=.
3. PAT: =>RT=MT=YR=>>=>=>>.
4. dirs1-like: =>=RT=MT=YR=<>>=<<=.
5. Ngaro or Viper: =>RT=YR=>>=>=>>=.
