YR element hits in Hduj
====================================================================================================================================================================================
Fragment(species:contig:YR_start_on_contig)    Structure_Indication    start_on_contig    end_on_contig    Contig_length    Fragment_length     YR_evalue     RT_evalue    MT_evalue
------------------------------------------------------------------------------------------------------------------------------------------------------------------------------------
                Hduj:nHd.2.3.scaf03308:2300             two_domains                  1             6063             6063               6063    5.7468e-52    1.6831e-32            -
                Hduj:nHd.2.3.scaf03625:3430             two_domains                  1             4411             4411               4411    3.0983e-50    7.7464e-33            -
                Hduj:nHd.2.3.scaf01074:5364             two_domains                  1            16215            36206              16215    3.8167e-42    1.2205e-25            -
                Hduj:nHd.2.3.scaf03089:1788                 YR_only                  1             7345             7345               7345    1.6666e-41             -            -
                Hduj:nHd.2.3.scaf00300:3223             two_domains                  1            14068            85675              14068    6.1361e-32    2.6906e-39            -
               Hduj:nHd.2.3.scaf00208:49860             two_domains              39860            60519           100551              20660    2.4454e-23    6.7341e-28            -
               Hduj:nHd.2.3.scaf00208:49253             two_domains              39253            59567           100551              20315    1.9088e-07    7.0805e-28            -
                Hduj:nHd.2.3.scaf02658:3667             two_domains                  1            10622            10622              10622    6.3710e-22    1.3327e-32            -
               Hduj:nHd.2.3.scaf01431:18630                 YR_only               8630            27725            27725              19096    1.6965e-20             -            -
               Hduj:nHd.2.3.scaf00291:40578             two_domains              30578            51060            86350              20483    3.0542e-20    4.0420e-22            -
               Hduj:nHd.2.3.scaf00291:40625             two_domains              30625            51431            86350              20807    2.0506e-18    4.1023e-22            -
                Hduj:nHd.2.3.scaf00263:1685             two_domains                  1            12080            91861              12080    4.6085e-19    1.9331e-31            -
                Hduj:nHd.2.3.scaf00263:2193             two_domains                  1            12495            91861              12495    4.6085e-19    1.9331e-31            -
                Hduj:nHd.2.3.scaf02400:3131                 YR_only                  1            12895            12895              12895    6.7135e-17             -            -
                Hduj:nHd.2.3.scaf02400:2983                 YR_only                  1            12895            12895              12895    6.7135e-17             -            -
                Hduj:nHd.2.3.scaf02400:2237                 YR_only                  1            12440            12895              12440    2.2717e-04             -            -
                Hduj:nHd.2.3.scaf02400:2511                 YR_only                  1            12753            12895              12753    2.2717e-04             -            -
               Hduj:nHd.2.3.scaf00369:65291             two_domains              55291            75998            76971              20708    5.0644e-15    3.9053e-05            -
               Hduj:nHd.2.3.scaf00369:75784             two_domains              65784            76971            76971              11188    2.3150e-10    4.0322e-05            -
                 Hduj:nHd.2.3.scaf07923:155                 YR_only                  1             1013             1013               1013    1.6261e-14             -            -
               Hduj:nHd.2.3.scaf00872:23943                 YR_only              13943            34275            42833              20333    6.0051e-14             -            -
               Hduj:nHd.2.3.scaf00691:43579             two_domains              33579            51040            51040              17462    2.1436e-11    8.2834e-21            -
               Hduj:nHd.2.3.scaf00691:43031             two_domains              33031            51040            51040              18010    9.3967e-11    8.4845e-21            -
               Hduj:nHd.2.3.scaf00273:34973             two_domains              24973            45410            89204              20438    3.8418e-11    5.0267e-25            -
               Hduj:nHd.2.3.scaf00273:35406             two_domains              25406            45822            89204              20417    5.9560e-07    4.9353e-25            -
               Hduj:nHd.2.3.scaf01319:29835                 YR_only              19835            30167            30167              10333    1.6666e-10             -            -
               Hduj:nHd.2.3.scaf01319:18455             two_domains               8455            29039            30167              20585    1.6162e-03    4.4294e-06            -
               Hduj:nHd.2.3.scaf01273:25401                 YR_only              15401            31018            31018              15618    2.4313e-10             -            -
               Hduj:nHd.2.3.scaf01273:25082                 YR_only              15082            31018            31018              15937    2.4313e-10             -            -
               Hduj:nHd.2.3.scaf01273:24545                 YR_only              14545            31018            31018              16474    2.4798e-07             -            -
                 Hduj:nHd.2.3.scaf11570:156                 YR_only                  1              600              600                600    6.4372e-10             -            -
               Hduj:nHd.2.3.scaf00350:58370             two_domains              48370            68618            79097              20249    1.8151e-09    3.8908e-26            -
               Hduj:nHd.2.3.scaf00350:57514             two_domains              47514            68116            79097              20603    2.1832e-03    4.0962e-26            -
                Hduj:nHd.2.3.scaf00565:8266             two_domains                  1            19021            59078              19021    5.8525e-09    1.2240e-26            -
                Hduj:nHd.2.3.scaf00565:8192             two_domains                  1            18317            59078              18317    1.8244e-05    1.1770e-26            -
                 Hduj:nHd.2.3.scaf03575:935                 YR_only                  1             4613             4613               4613    1.0619e-08             -            -
               Hduj:nHd.2.3.scaf01639:16178             two_domains               6178            23056            23056              16879    9.2241e-08    3.1146e-09            -
              Hduj:nHd.2.3.scaf00001:126745             two_domains             116745           136903           594143              20159    1.4682e-07    1.3917e-03            -
              Hduj:nHd.2.3.scaf00001:127260             two_domains             117260           137517           594143              20258    2.2211e-03    1.3865e-03            -
               Hduj:nHd.2.3.scaf00601:47875                 YR_only              37875            56747            56747              18873    2.2782e-07             -            -
               Hduj:nHd.2.3.scaf00601:47641                 YR_only              37641            56747            56747              19107    3.4976e-03             -            -
                 Hduj:nHd.2.3.scaf05026:951                 YR_only                  1             1963             1963               1963    3.0465e-07             -            -
                Hduj:nHd.2.3.scaf03163:3961                 YR_only                  1             6837             6837               6837    3.5756e-07             -            -
               Hduj:nHd.2.3.scaf00337:64794             two_domains              54794            75087            81087              20294    5.7066e-07    1.5788e-09            -
               Hduj:nHd.2.3.scaf01408:23112             two_domains              13112            28214            28214              15103    6.6022e-07    7.9043e-14            -
              Hduj:nHd.2.3.scaf00158:114168             two_domains             104168           114469           114469              10302    1.0827e-06    7.2915e-28            -
               Hduj:nHd.2.3.scaf00529:47671                 YR_only              37671            58057            61053              20387    3.3284e-06             -            -
               Hduj:nHd.2.3.scaf01237:24391                 YR_only              14391            31840            31840              17450    1.0094e-05             -            -
                Hduj:nHd.2.3.scaf00426:1453                 YR_only                  1            11941            70374              11941    1.2487e-05             -            -
               Hduj:nHd.2.3.scaf00760:17733                 YR_only               7733            28068            48082              20336    1.6455e-05             -            -
               Hduj:nHd.2.3.scaf00760:18100                 YR_only               8100            28186            48082              20087    1.6455e-05             -            -
               Hduj:nHd.2.3.scaf00771:15366             two_domains               5366            25539            47523              20174    2.3856e-05    1.6464e-35            -
              Hduj:nHd.2.3.scaf00031:197164                 YR_only             187164           207343           208823              20180    4.3344e-05             -            -
               Hduj:nHd.2.3.scaf00381:51856             two_domains              41856            62230            75679              20375    7.2790e-05    1.5405e-14            -
                Hduj:nHd.2.3.scaf02312:9946                 YR_only                  1            13741            13741              13741    2.4610e-04             -            -
                 Hduj:nHd.2.3.scaf03674:748                 YR_only                  1             4244             4244               4244    4.3255e-04             -            -
               Hduj:nHd.2.3.scaf01568:10106                 YR_only                106            20432            24357              20327    1.5602e-03             -            -
               Hduj:nHd.2.3.scaf00694:50766                 YR_only              40766            50857            50857              10092    5.0438e-03             -            -
------------------------------------------------------------------------------------------------------------------------------------------------------------------------------------
Indications are structural and not phylogenetic.
Indications depend on Ugene parameters.
1. pat1-like: ==>=RT=MT=>>=>=YR=>>=.
2. kangaroo: ==>=RT=MT=>>=>=RY=>>=.
3. PAT: =>RT=MT=YR=>>=>=>>.
4. dirs1-like: =>=RT=MT=YR=<>>=<<=.
5. Ngaro or Viper: =>RT=YR=>>=>=>>=.
