YR element hits in Ppac
=====================================================================================================================================================================================
Fragment(species:contig:YR_start_on_contig)    Structure_Indication    start_on_contig    end_on_contig    Contig_length    Fragment_length     YR_evalue     RT_evalue     MT_evalue
-------------------------------------------------------------------------------------------------------------------------------------------------------------------------------------
                   Ppac:Ppa_Contig4:2767557               pat1-like            2757557          2778348          3512473              20792    1.2993e-31    1.2007e-39    9.9110e-34
                    Ppac:Ppa_Contig4:322735             two_domains             312735           333499          3512473              20765    9.3861e-28             -    1.2087e-30
                  Ppac:Ppa_Contig123:171227               pat1-like             161227           182018           373306              20792    6.0784e-30    4.7327e-40    5.3402e-34
                   Ppac:Ppa_Contig123:95124                    DIRS              85124           105597           373306              20474    4.2613e-09    2.2934e-31    6.0842e-18
                  Ppac:Ppa_Contig35:1007869               pat1-like             997869          1018585          1619903              20717    6.9479e-28    4.1930e-44    2.1722e-32
                    Ppac:Ppa_Contig1286:387                 YR_only                  1             1642             1642               1642    8.3893e-28             -             -
                    Ppac:Ppa_Contig2034:372                 YR_only                  1             1569             1569               1569    1.3358e-27             -             -
                    Ppac:Ppa_Contig1527:441                 YR_only                  1             1293             1293               1293    1.6688e-27             -             -
                   Ppac:Ppa_Contig83:451527                    DIRS             441527           462243           626529              20717    1.6758e-27    3.0967e-45    1.0495e-34
                    Ppac:Ppa_Contig1123:297             two_domains                  1             2078             2078               2078    3.2324e-27             -    5.4113e-28
                    Ppac:Ppa_Contig1171:896             two_domains                  1             3186             3186               3186    1.6337e-26             -    1.4362e-34
                   Ppac:Ppa_Contig19:360125               pat1-like             350125           370835          1863699              20711    7.8587e-25    3.8567e-12    1.8879e-31
                  Ppac:Ppa_Contig30:1426455                 YR_only            1416455          1437171          1595630              20717    2.4550e-24             -             -
                  Ppac:Ppa_Contig41:1052180                 YR_only            1042180          1061618          1061618              19439    2.4575e-24             -             -
                   Ppac:Ppa_Contig41:176174                    DIRS             166174           186287          1061618              20114    1.3491e-05    3.2324e-39    5.0016e-14
                   Ppac:Ppa_Contig25:102824                 YR_only              92824           113540          1510733              20717    7.6992e-24             -             -
                   Ppac:Ppa_Contig6:2203736                 YR_only            2193736          2214455          3075089              20720    4.5045e-23             -             -
                  Ppac:Ppa_Contig13:1502733                 YR_only            1492733          1513449          2403858              20717    8.0224e-23             -             -
                  Ppac:Ppa_Contig105:447105                 YR_only             437105           457821           505854              20717    1.3186e-21             -             -
                   Ppac:Ppa_Contig67:582141                 YR_only             572141           592773           760201              20633    4.8506e-21             -             -
                   Ppac:Ppa_Contig67:581989                 YR_only             571989           592150           760201              20162    4.8506e-21             -             -
                   Ppac:Ppa_Contig141:10809             two_domains                809            21375           211483              20567    4.1455e-20    8.0813e-21             -
                   Ppac:Ppa_Contig141:10600             two_domains                600            20767           211483              20168    4.1455e-20    8.0501e-21             -
                   Ppac:Ppa_Contig153:14556                 YR_only               4556            25101           149254              20546    3.2090e-19             -             -
                   Ppac:Ppa_Contig216:47659                 YR_only              37659            52831            52831              15173    7.2616e-19             -             -
                   Ppac:Ppa_Contig216:47345                 YR_only              37345            52831            52831              15487    7.2616e-19             -             -
                  Ppac:Ppa_Contig16:1961473             two_domains            1951473          1972180          2033211              20708    1.5381e-18             -    1.4871e-05
                  Ppac:Ppa_Contig156:123093                 YR_only             113093           133575           138172              20483    2.2912e-18             -             -
                    Ppac:Ppa_Contig9:755617                 YR_only             745617           766318          2517184              20702    8.4893e-18             -             -
                  Ppac:Ppa_Contig14:1094383             two_domains            1084383          1104766          2625339              20384    1.0844e-14             -    2.5302e-23
                  Ppac:Ppa_Contig14:1094067             two_domains            1084067          1104351          2625339              20285    1.0844e-14             -    2.5318e-23
                  Ppac:Ppa_Contig11:2429298                 YR_only            2419298          2439795          2918045              20498    8.4380e-14             -             -
                   Ppac:Ppa_Contig78:254281                 YR_only             244281           264667           611829              20387    2.6956e-12             -             -
                    Ppac:Ppa_Contig75:25518                    DIRS              15518            35799           838911              20282    6.1215e-12    2.8529e-39    3.2906e-33
                    Ppac:Ppa_Contig75:24989                    DIRS              14989            35264           838911              20276    8.3646e-03    3.0455e-39    3.4129e-33
                   Ppac:Ppa_Contig5:1744191                    DIRS            1734191          1754550          3196617              20360    6.5144e-12    1.5701e-32    2.3073e-22
                   Ppac:Ppa_Contig5:1743793                    DIRS            1733793          1754266          3196617              20474    1.2968e-04    1.6240e-32    2.3434e-22
                    Ppac:Ppa_Contig2664:459                 YR_only                  1              883              883                883    1.2541e-11             -             -
                    Ppac:Ppa_Contig2664:560                 YR_only                  1              883              883                883    1.2541e-11             -             -
                   Ppac:Ppa_Contig99:474500                 YR_only             464500           477789           477789              13290    1.1433e-10             -             -
                   Ppac:Ppa_Contig99:474834                 YR_only             464834           477789           477789              12956    1.1433e-10             -             -
                    Ppac:Ppa_Contig7052:123                 YR_only                  1              997              997                997    1.8347e-10             -             -
                    Ppac:Ppa_Contig95:88828                 YR_only              78828            99085           583399              20258    4.0458e-10             -             -
                  Ppac:Ppa_Contig17:1642280                 YR_only            1632280          1652750          1856402              20471    1.3200e-09             -             -
                   Ppac:Ppa_Contig86:442890                 YR_only             432890           453084           616237              20195    4.2700e-09             -             -
                      Ppac:Ppa_Contig3573:2                 YR_only                  1             1146             1146               1146    5.6175e-09             -             -
                    Ppac:Ppa_Contig8157:199                 YR_only                  1              790              790                790    5.9320e-09             -             -
                   Ppac:Ppa_Contig3:3010959                    DIRS            3000959          3021282          3905367              20324    1.0314e-08    1.1825e-20    2.1410e-34
                   Ppac:Ppa_Contig3:3041719                 YR_only            3031719          3051877          3905367              20159    3.3457e-07             -             -
                   Ppac:Ppa_Contig93:327264               pat1-like             317264           337731           479976              20468    5.9162e-07    3.5856e-27    1.2005e-30
                   Ppac:Ppa_Contig93:327806               pat1-like             317806           337916           479976              20111    1.3539e-05    3.4493e-27    1.1600e-30
                    Ppac:Ppa_Contig1776:869                 YR_only                  1             1706             1706               1706    2.2797e-06             -             -
                   Ppac:Ppa_Contig49:295112               pat1-like             285112           305306           975578              20195    3.2866e-06    6.3350e-12    1.3375e-17
                  Ppac:Ppa_Contig31:1484509                 YR_only            1474509          1495222          1715107              20714    7.3496e-05             -             -
                   Ppac:Ppa_Contig87:550711                 YR_only             540711           561313           753448              20603    9.7716e-05             -             -
                   Ppac:Ppa_Contig87:552495                 YR_only             542495           562632           753448              20138    2.2721e-04             -             -
                   Ppac:Ppa_Contig20:480083                 YR_only             470083           490196          1652754              20114    9.2478e-04             -             -
-------------------------------------------------------------------------------------------------------------------------------------------------------------------------------------
Indications are structural and not phylogenetic.
Indications depend on Ugene parameters.
1. pat1-like: ==>=RT=MT=>>=>=YR=>>=.
2. kangaroo: ==>=RT=MT=>>=>=RY=>>=.
3. PAT: =>RT=MT=YR=>>=>=>>.
4. dirs1-like: =>=RT=MT=YR=<>>=<<=.
5. Ngaro or Viper: =>RT=YR=>>=>=>>=.
