YR element hits in Acas
=====================================================================================================================================================================================
Fragment(species:contig:YR_start_on_contig)    Structure_Indication    start_on_contig    end_on_contig    Contig_length    Fragment_length     YR_evalue     RT_evalue     MT_evalue
-------------------------------------------------------------------------------------------------------------------------------------------------------------------------------------
                     Acas:SCAFFOLD397:56699              dirs1-like              46699            67553           558052              20855    9.8232e-59    1.9775e-36    5.5235e-24
                    Acas:SCAFFOLD397:132117             two_domains             122117           142698           558052              20582    1.1689e-15             -    4.4617e-07
                    Acas:SCAFFOLD397:132803             two_domains             122803           142964           558052              20162    1.1689e-15             -    4.4311e-07
                      Acas:SCAFFOLD1271:190                 YR_only                  1            11044          1276728              11044    1.9719e-39             -             -
                       Acas:SCAFFOLD938:174                 YR_only                  1             1139             1139               1139    5.3101e-39             -             -
                    Acas:SCAFFOLD297:464986                    DIRS             454986           475840           505883              20855    3.1977e-29    2.1745e-39    3.4794e-23
                    Acas:SCAFFOLD284:353471                    DIRS             343471           364325           826018              20855    7.7265e-29    5.0020e-36    7.5079e-24
                   Acas:SCAFFOLD1426:102008                 YR_only              92008           110381           110381              18374    1.1432e-25             -             -
                   Acas:SCAFFOLD1426:102595                 YR_only              92595           110381           110381              17787    1.4548e-10             -             -
                   Acas:SCAFFOLD1406:657027             two_domains             647027           667875           840021              20849    2.8333e-24             -    1.5903e-20
                      Acas:SCAFFOLD723:3843              dirs1-like                  1            14541            20806              14541    5.9563e-24    4.4830e-27    4.2483e-12
                      Acas:SCAFFOLD723:3610                    DIRS                  1            13789            20806              13789    5.9563e-24    9.9080e-39    1.5138e-25
                     Acas:SCAFFOLD1283:7951                     PAT                  1            18727            40945              18727    4.5721e-23    3.2007e-35    2.8221e-32
                     Acas:SCAFFOLD405:98131             two_domains              88131           108907           129346              20777    4.5766e-23             -    2.5359e-07
                     Acas:SCAFFOLD405:32850             two_domains              22850            43272           129346              20423    2.1663e-14    8.6206e-26             -
                      Acas:SCAFFOLD97:55265             two_domains              45265            65987           490591              20723    4.5924e-21    3.4930e-08             -
                         Acas:SCAFFOLD56:25                 YR_only                  1              967              967                967    6.2885e-21             -             -
                     Acas:SCAFFOLD573:26839                    DIRS              16839            30021            30021              13183    3.1691e-19    1.6237e-33    1.5388e-24
                     Acas:SCAFFOLD573:26747                    DIRS              16747            30021            30021              13275    1.0594e-03    1.6237e-33    1.5388e-24
                     Acas:SCAFFOLD106:20991                    DIRS              10991            31641            54268              20651    1.1879e-14    4.6661e-29    4.5385e-31
                        Acas:SCAFFOLD769:47                 YR_only                  1             1341             1341               1341    1.4928e-14             -             -
                       Acas:SCAFFOLD685:785             two_domains                  1             1776             1776               1776    7.9187e-14             -    4.7673e-23
                     Acas:SCAFFOLD773:24656                    DIRS              14656            35456           129213              20801    9.4500e-14    5.8954e-13    3.1733e-18
                   Acas:SCAFFOLD641:1200404                    DIRS            1190404          1210784          1393837              20381    3.7143e-09    7.8099e-37    2.5363e-27
                      Acas:SCAFFOLD751:4979                     PAT                  1            15221            31556              15221    6.4526e-08    9.5777e-13    9.6892e-30
                     Acas:SCAFFOLD454:84378                    DIRS              74378            94539           250894              20162    1.9714e-05    5.3098e-26    1.1382e-19
                    Acas:SCAFFOLD356:119311                    DIRS             109311           129859           192500              20549    1.0706e-04    2.1471e-22    6.3021e-29
                     Acas:SCAFFOLD1105:7619                 YR_only                  1            15360            15360              15360    9.0005e-04             -             -
                  Acas:SCAFFOLD1185:1480312                 YR_only            1470312          1490491          1895500              20180    5.4559e-03             -             -
-------------------------------------------------------------------------------------------------------------------------------------------------------------------------------------
Indications are structural and not phylogenetic.
Indications depend on Ugene parameters.
1. pat1-like: ==>=RT=MT=>>=>=YR=>>=.
2. kangaroo: ==>=RT=MT=>>=>=RY=>>=.
3. PAT: =>RT=MT=YR=>>=>=>>.
4. dirs1-like: =>=RT=MT=YR=<>>=<<=.
5. Ngaro or Viper: =>RT=YR=>>=>=>>=.
