YR element hits in Cang
=====================================================================================================================================================================================
Fragment(species:contig:YR_start_on_contig)    Structure_Indication    start_on_contig    end_on_contig    Contig_length    Fragment_length     YR_evalue     RT_evalue     MT_evalue
-------------------------------------------------------------------------------------------------------------------------------------------------------------------------------------
           Cang:Cang_2012_03_13_00260:92698                    DIRS              82698            99055            99055              16358    1.0771e-25    3.8685e-41    2.0500e-19
             Cang:Cang_2012_03_13_04120:348                 YR_only                  1             1185             1185               1185    8.5363e-23             -             -
             Cang:Cang_2012_03_13_03913:330                 YR_only                  1             1252             1252               1252    3.2387e-21             -             -
           Cang:Cang_2012_03_13_00746:30512                 YR_only              20512            35276            35276              14765    2.9214e-18             -             -
             Cang:Cang_2012_03_13_03471:799                 YR_only                  1             1425             1425               1425    5.3639e-17             -             -
               Cang:Cang_2012_03_13_07028:3                 YR_only                  1              742              742                742    1.0230e-16             -             -
               Cang:Cang_2012_03_13_30816:6                 YR_only                  1              221              221                221    3.9545e-10             -             -
             Cang:Cang_2012_03_13_07052:263                 YR_only                  1              740              740                740    4.8699e-10             -             -
            Cang:Cang_2012_03_13_01249:9988                 YR_only                  1            11241            11241              11241    1.5289e-08             -             -
          Cang:Cang_2012_03_13_00007:144072             two_domains             134072           154215           388123              20144    2.0364e-07             -    9.2423e-09
            Cang:Cang_2012_03_13_02504:1391                 YR_only                  1             2286             2286               2286    6.5401e-05             -             -
-------------------------------------------------------------------------------------------------------------------------------------------------------------------------------------
Indications are structural and not phylogenetic.
Indications depend on Ugene parameters.
1. pat1-like: ==>=RT=MT=>>=>=YR=>>=.
2. kangaroo: ==>=RT=MT=>>=>=RY=>>=.
3. PAT: =>RT=MT=YR=>>=>=>>.
4. dirs1-like: =>=RT=MT=YR=<>>=<<=.
5. Ngaro or Viper: =>RT=YR=>>=>=>>=.
