YR element hits in Crem
=====================================================================================================================================================================================
Fragment(species:contig:YR_start_on_contig)    Structure_Indication    start_on_contig    end_on_contig    Contig_length    Fragment_length     YR_evalue     RT_evalue     MT_evalue
-------------------------------------------------------------------------------------------------------------------------------------------------------------------------------------
                   Crem:Crem_Contig73:22961               pat1-like              12961            33728           398404              20768    2.3652e-16    1.8688e-40    4.2085e-20
                 Crem:Crem_Contig205:157155               pat1-like             147155           167922           189132              20768    2.5892e-16    3.9576e-41    9.1279e-21
                  Crem:Crem_Contig81:273219                 YR_only             263219           275555           275555              12337    2.1056e-15             -             -
                  Crem:Crem_Contig17:190882                    DIRS             180882           201634          1152847              20753    2.4010e-15    6.5134e-40    9.0706e-29
                  Crem:Crem_Contig59:187355               pat1-like             177355           198101           497043              20747    4.0012e-14    6.1585e-40    9.0664e-29
                  Crem:Crem_Contig38:313317                 YR_only             303317           324093           721983              20777    3.9776e-13             -             -
                   Crem:Crem_Contig8:752500                    DIRS             742500           763276          2005727              20777    9.5057e-13    4.0312e-39    2.9243e-27
                  Crem:Crem_Contig2447:1622                 YR_only                  1             4595             4595               4595    1.2451e-10             -             -
                  Crem:Crem_Contig49:477843                    DIRS             467843           488508           658212              20666    4.9534e-08    6.5067e-40    3.1501e-26
                  Crem:Crem_Contig49:476129                    DIRS             466129           486296           658212              20168    7.3117e-03    4.4735e-40    2.7620e-26
                 Crem:Crem_Contig136:228957                 YR_only             218957           239310           283482              20354    8.8251e-07             -             -
                  Crem:Crem_Contig21:648596                    DIRS             638596           659192           974952              20597    7.3004e-06    8.2768e-25    3.3004e-27
                  Crem:Crem_Contig21:648469                    DIRS             638469           658540           974952              20072    7.3004e-06    8.3656e-25    3.3282e-27
                  Crem:Crem_Contig717:12450                 YR_only               2450            18121            18121              15672    5.7006e-05             -             -
                  Crem:Crem_Contig1567:3707                    DIRS                  1             4420             4420               4420    2.4145e-04    1.4707e-41    4.7751e-24
                  Crem:Crem_Contig1405:7494                 YR_only                  1             8036             8036               8036    2.0480e-03             -             -
-------------------------------------------------------------------------------------------------------------------------------------------------------------------------------------
Indications are structural and not phylogenetic.
Indications depend on Ugene parameters.
1. pat1-like: ==>=RT=MT=>>=>=YR=>>=.
2. kangaroo: ==>=RT=MT=>>=>=RY=>>=.
3. PAT: =>RT=MT=YR=>>=>=>>.
4. dirs1-like: =>=RT=MT=YR=<>>=<<=.
5. Ngaro or Viper: =>RT=YR=>>=>=>>=.
