YR element hits in briC
=====================================================================================================================================================================================
Fragment(species:contig:YR_start_on_contig)    Structure_Indication    start_on_contig    end_on_contig    Contig_length    Fragment_length     YR_evalue     RT_evalue     MT_evalue
-------------------------------------------------------------------------------------------------------------------------------------------------------------------------------------
                         briC:chrI:10196491                 YR_only           10186491         10207264         15455979              20774    2.1413e-17             -             -
                          briC:chrI:3571054                 YR_only            3561054          3581410         15455979              20357    9.8914e-12             -             -
                          briC:chrI:3563956                 YR_only            3553956          3574312         15455979              20357    9.8914e-12             -             -
                          briC:chrI:3571457                 YR_only            3561457          3581831         15455979              20375    9.8914e-12             -             -
                          briC:chrI:3564359                 YR_only            3554359          3574733         15455979              20375    9.8914e-12             -             -
                          briC:chrI:9598843             two_domains            9588843          9609277         15455979              20435    2.5506e-10    1.4625e-06             -
                          briC:chrI:7112322                 YR_only            7102322          7122834         15455979              20513    4.6038e-10             -             -
                         briC:chrI:13339860               pat1-like           13329860         13350276         15455979              20417    3.7222e-08    8.2763e-40    4.1836e-24
                           briC:chrI:913539             two_domains             903539           924003         15455979              20465    6.6188e-07             -    8.7819e-19
                           briC:chrI:918393             two_domains             908393           928629         15455979              20237    2.0698e-06             -    9.7310e-19
                         briC:chrI:11723142                 YR_only           11713142         11733501         15455979              20360    7.2547e-03             -             -
                        briC:chrIV:12765786                 YR_only           12755786         12776475         17485439              20690    4.1902e-15             -             -
                         briC:chrIV:1326316                 YR_only            1316316          1336882         17485439              20567    7.1017e-13             -             -
                        briC:chrIV:15827227                 YR_only           15817227         15837952         17485439              20726    2.3984e-11             -             -
                         briC:chrIV:6747938               pat1-like            6737938          6758372         17485439              20435    3.7345e-07    1.8068e-40    1.6848e-21
                         briC:chrIV:2516755          viper_or_Ngaro            2506755          2526943         17485439              20189    7.7136e-04    1.5941e-18             -
                         briC:chrIV:3765678                 YR_only            3755678          3775863         17485439              20186    2.3670e-03             -             -
                         briC:chrIV:3924683                 YR_only            3914683          3934913         17485439              20231    4.1446e-03             -             -
                        briC:chrII:13066246               pat1-like           13056246         13077016         16627154              20771    3.0145e-14    7.5139e-39    4.9225e-25
                         briC:chrII:3040973                 YR_only            3030973          3051380         16627154              20408    4.9732e-08             -             -
                        briC:chrII:12684419                 YR_only           12674419         12694607         16627154              20189    1.0805e-04             -             -
                        briC:chrII:14521884               pat1-like           14511884         14532072         16627154              20189    3.3241e-04    6.6699e-38    1.1141e-10
                       briC:chrIII:10446554                 YR_only           10436554         10457327         14578851              20774    2.9779e-13             -             -
                       briC:chrIII:10660594               pat1-like           10650594         10670830         14578851              20237    8.8066e-07    3.5521e-31    7.6872e-24
                        briC:chrIII:1491844                 YR_only            1481844          1502080         14578851              20237    1.5037e-05             -             -
                          briC:chrV:8912323               pat1-like            8902323          8922874         19495157              20552    1.2708e-12    2.9271e-30    3.5535e-17
                         briC:chrV:11550170                 YR_only           11540170         11560832         19495157              20663    8.6842e-09             -             -
                          briC:chrV:1558747                 YR_only            1548747          1569403         19495157              20657    6.4366e-06             -             -
                          briC:chrV:3707253                 YR_only            3697253          3717468         19495157              20216    9.5951e-03             -             -
                         briC:chrun:1877241                 YR_only            1867241          1887777          2948414              20537    1.3286e-11             -             -
                         briC:chrun:2448047               pat1-like            2438047          2458481          2948414              20435    3.7325e-07    1.8068e-40    3.5126e-29
                         briC:chrun:2197199             two_domains            2187199          2207663          2948414              20465    6.6153e-07             -    8.7819e-19
                          briC:chrX:4425530                 YR_only            4415530          4435841         21540570              20312    8.1562e-05             -             -
-------------------------------------------------------------------------------------------------------------------------------------------------------------------------------------
Indications are structural and not phylogenetic.
Indications depend on Ugene parameters.
1. pat1-like: ==>=RT=MT=>>=>=YR=>>=.
2. kangaroo: ==>=RT=MT=>>=>=RY=>>=.
3. PAT: =>RT=MT=YR=>>=>=>>.
4. dirs1-like: =>=RT=MT=YR=<>>=<<=.
5. Ngaro or Viper: =>RT=YR=>>=>=>>=.
